2024-01-31 12:47:33,398 [INFO] Activator:176 - 


2024-01-31 12:47:33,400 [INFO] Activator:177 - !SESSION log4j initialized
2024-01-31 12:47:35,389 [ERROR] LogOutputStream:75 - [STDERR_REDIRECT] 
2024-01-31 12:47:38,676 [INFO] LogOutputStream:77 - [STDOUT_REDIRECT] 
2024-01-31 12:47:40,667 [INFO] ApplicationProperties:184 - Using Application install path: /Applications/STM32CubeIDE.app/Contents/Eclipse/plugins/com.st.stm32cube.common.mx_6.9.2.202309101412
2024-01-31 12:47:40,682 [INFO] DbMcusXml:78 - Set database path to: /Applications/STM32CubeIDE.app/Contents/Eclipse/plugins/com.st.stm32cube.common.mx_6.9.2.202309101412//db//mcu/
2024-01-31 12:47:40,682 [INFO] ApiDb:274 - Set plugin database path to: /Applications/STM32CubeIDE.app/Contents/Eclipse/plugins/com.st.stm32cube.common.mx_6.9.2.202309101412//db//plugins/boardmanager/
2024-01-31 12:47:40,683 [WARN] ApiDb:259 - Overriding images path with different value:  => /Applications/STM32CubeIDE.app/Contents/Eclipse/plugins/com.st.stm32cube.common.mx_6.9.2.202309101412//db//plugins/mcufinder/images/
2024-01-31 12:47:40,696 [INFO] ApiDb:250 - Set database path to: /Users/nestoreo/.stmcufinder/plugins/mcufinder//mcu/
2024-01-31 12:47:40,698 [INFO] DbMcusAds:125 - Set database path to: /Users/nestoreo/.stmcufinder/plugins/mcufinder//mcu/
2024-01-31 12:47:40,699 [INFO] CrossReferenceDbSqlite:203 - Set database path to: /Users/nestoreo/.stmcufinder/plugins/mcufinder//mcu/cs/
2024-01-31 12:47:40,836 [INFO] RulesReader:64 - Compatibility file has been processed (293 Rules)
2024-01-31 12:47:40,939 [INFO] DbMcusXml:78 - Set database path to: /Applications/STM32CubeIDE.app/Contents/Eclipse/plugins/com.st.stm32cube.common.mx_6.9.2.202309101412//db//mcu/
2024-01-31 12:47:40,939 [INFO] ApiDb:274 - Set plugin database path to: /Applications/STM32CubeIDE.app/Contents/Eclipse/plugins/com.st.stm32cube.common.mx_6.9.2.202309101412//db//plugins/boardmanager/
2024-01-31 12:47:40,940 [INFO] ApiDb:261 - Set plugin images path to: /Applications/STM32CubeIDE.app/Contents/Eclipse/plugins/com.st.stm32cube.common.mx_6.9.2.202309101412//db//plugins/mcufinder/images/
2024-01-31 12:47:40,940 [WARN] DbFile:41 - Overriding database path with different value: /Users/nestoreo/.stmcufinder/plugins/mcufinder/ => /Users/nestoreo/.stmcufinder/plugins/mcufinder
2024-01-31 12:47:40,940 [INFO] ApiDb:250 - Set database path to: /Users/nestoreo/.stmcufinder/plugins/mcufinder//mcu/
2024-01-31 12:47:40,940 [WARN] DbFile:41 - Overriding database path with different value: /Users/nestoreo/.stmcufinder/plugins/mcufinder/ => /Users/nestoreo/.stmcufinder/plugins/mcufinder
2024-01-31 12:47:40,940 [INFO] DbMcusAds:125 - Set database path to: /Users/nestoreo/.stmcufinder/plugins/mcufinder//mcu/
2024-01-31 12:47:40,940 [WARN] DbFile:41 - Overriding database path with different value: /Users/nestoreo/.stmcufinder/plugins/mcufinder/ => /Users/nestoreo/.stmcufinder/plugins/mcufinder
2024-01-31 12:47:40,940 [WARN] DbFile:41 - Overriding database path with different value: /Users/nestoreo/.stmcufinder/plugins/mcufinder/ => /Users/nestoreo/.stmcufinder/plugins/mcufinder
2024-01-31 12:47:40,941 [INFO] CrossReferenceDbSqlite:203 - Set database path to: /Users/nestoreo/.stmcufinder/plugins/mcufinder//mcu/cs/
2024-01-31 12:47:41,027 [INFO] MainPanel:262 - HeapMemory: 268435456
2024-01-31 12:47:41,142 [INFO] DbMcusXml:78 - Set database path to: /Applications/STM32CubeIDE.app/Contents/Eclipse/plugins/com.st.stm32cube.common.mx_6.9.2.202309101412//db//mcu/
2024-01-31 12:47:41,142 [INFO] ApiDb:274 - Set plugin database path to: /Applications/STM32CubeIDE.app/Contents/Eclipse/plugins/com.st.stm32cube.common.mx_6.9.2.202309101412//db//plugins/boardmanager/
2024-01-31 12:47:41,143 [INFO] ApiDb:261 - Set plugin images path to: /Applications/STM32CubeIDE.app/Contents/Eclipse/plugins/com.st.stm32cube.common.mx_6.9.2.202309101412//db//plugins/mcufinder/images/
2024-01-31 12:47:41,144 [WARN] DbFile:41 - Overriding database path with different value: /Users/nestoreo/.stmcufinder/plugins/mcufinder/ => /Users/nestoreo/.stmcufinder/plugins/mcufinder
2024-01-31 12:47:41,144 [INFO] ApiDb:250 - Set database path to: /Users/nestoreo/.stmcufinder/plugins/mcufinder//mcu/
2024-01-31 12:47:41,144 [WARN] DbFile:41 - Overriding database path with different value: /Users/nestoreo/.stmcufinder/plugins/mcufinder/ => /Users/nestoreo/.stmcufinder/plugins/mcufinder
2024-01-31 12:47:41,144 [INFO] DbMcusAds:125 - Set database path to: /Users/nestoreo/.stmcufinder/plugins/mcufinder//mcu/
2024-01-31 12:47:41,144 [WARN] DbFile:41 - Overriding database path with different value: /Users/nestoreo/.stmcufinder/plugins/mcufinder/ => /Users/nestoreo/.stmcufinder/plugins/mcufinder
2024-01-31 12:47:41,144 [WARN] DbFile:41 - Overriding database path with different value: /Users/nestoreo/.stmcufinder/plugins/mcufinder/ => /Users/nestoreo/.stmcufinder/plugins/mcufinder
2024-01-31 12:47:41,144 [INFO] CrossReferenceDbSqlite:203 - Set database path to: /Users/nestoreo/.stmcufinder/plugins/mcufinder//mcu/cs/
2024-01-31 12:47:41,173 [INFO] ApplicationProperties:184 - Using Application install path: /Applications/STM32CubeIDE.app/Contents/Eclipse/plugins/com.st.stm32cube.common.mx_6.9.2.202309101412
2024-01-31 12:47:41,175 [INFO] PluginManage:196 - Search for loadable plugins [exclusion list=, ]
2024-01-31 12:47:41,177 [INFO] PluginManage:310 - Check plugin analytics
2024-01-31 12:47:41,422 [INFO] AnalyticsPlugin:253 - Accepted Software Licenses: 
2024-01-31 12:47:41,423 [INFO] AnalyticsPlugin:255 - Accepted CMSIS Pack Licenses: 
2024-01-31 12:47:41,424 [INFO] AnalyticsPlugin:257 - Accepted Firmware Licenses: FW.F7.1.17.0
2024-01-31 12:47:41,439 [INFO] PluginManage:359 - Loaded plugin analytics (category:tool,tabindex:-1)
2024-01-31 12:47:41,441 [INFO] PluginManage:310 - Check plugin cadmodel
2024-01-31 12:47:42,646 [INFO] CADModel:105 - Init CAD model plugin
2024-01-31 12:47:42,647 [INFO] PluginManage:359 - Loaded plugin cadmodel (category:power,tabindex:5)
2024-01-31 12:47:42,648 [INFO] PluginManage:310 - Check plugin clock
2024-01-31 12:47:42,719 [INFO] PluginManage:359 - Loaded plugin clock (category:base,tabindex:2)
2024-01-31 12:47:42,723 [INFO] PluginManage:310 - Check plugin ddr
2024-01-31 12:47:42,732 [INFO] PluginManage:359 - Loaded plugin ddr (category:tool,tabindex:6)
2024-01-31 12:47:42,733 [INFO] PluginManage:310 - Check plugin filemanager
2024-01-31 12:47:43,062 [INFO] PluginManage:359 - Loaded plugin filemanager (category:base,tabindex:10)
2024-01-31 12:47:43,065 [INFO] PluginManage:310 - Check plugin ipmanager
2024-01-31 12:47:43,098 [INFO] PluginManage:359 - Loaded plugin ipmanager (category:base,tabindex:5)
2024-01-31 12:47:43,099 [INFO] PluginManage:310 - Check plugin lpbam
2024-01-31 12:47:43,122 [INFO] PluginManage:359 - Loaded plugin lpbam (category:base,tabindex:0)
2024-01-31 12:47:43,123 [INFO] PluginManage:310 - Check plugin memorymap
2024-01-31 12:47:43,151 [INFO] PluginManage:359 - Loaded plugin memorymap (category:base,tabindex:4)
2024-01-31 12:47:43,153 [INFO] PluginManage:310 - Check plugin pinoutandconfiguration
2024-01-31 12:47:43,163 [INFO] PluginManage:359 - Loaded plugin pinoutandconfiguration (category:base,tabindex:1)
2024-01-31 12:47:43,164 [INFO] PluginManage:310 - Check plugin pinoutconfig
2024-01-31 12:47:43,315 [WARN] SupportedApi:132 - Cannot load RTOS API schema: s4s-elt-must-match.1: The content of 'definitions' must match (annotation?, (simpleType | complexType)?, (unique | key | keyref)*)). A problem was found starting at: attribute.
2024-01-31 12:47:43,523 [INFO] PluginManage:359 - Loaded plugin pinoutconfig (category:base,tabindex:0)
2024-01-31 12:47:43,524 [INFO] PluginManage:310 - Check plugin power
2024-01-31 12:47:43,535 [INFO] PluginManage:359 - Loaded plugin power (category:power,tabindex:4)
2024-01-31 12:47:43,535 [INFO] PluginManage:310 - Check plugin projectmanager
2024-01-31 12:47:43,561 [INFO] PluginManage:359 - Loaded plugin projectmanager (category:projectmanager,tabindex:3)
2024-01-31 12:47:43,562 [INFO] PluginManage:310 - Check plugin thirdparty
2024-01-31 12:47:43,797 [INFO] PluginManage:359 - Loaded plugin thirdparty (category:base,tabindex:-1)
2024-01-31 12:47:43,798 [WARN] IntegrityCheckThread:84 - waiting for thirdparty lock release [integrity check]
2024-01-31 12:47:43,800 [INFO] IntegrityCheckThread:86 - entering critical section [integrity check]
2024-01-31 12:47:43,800 [INFO] PluginManage:310 - Check plugin tools
2024-01-31 12:47:43,802 [INFO] ThirdPartyUpdaterWithRetryManager:70 - Updater plugin not ready yet. [1/15]
2024-01-31 12:47:43,806 [INFO] PluginManage:359 - Loaded plugin tools (category:base,tabindex:7)
2024-01-31 12:47:43,807 [INFO] PluginManage:310 - Check plugin tutovideos
2024-01-31 12:47:43,981 [INFO] PluginManage:359 - Loaded plugin tutovideos (category:base,tabindex:-1)
2024-01-31 12:47:43,981 [INFO] PluginManage:310 - Check plugin updater
2024-01-31 12:47:43,998 [INFO] PluginManage:359 - Loaded plugin updater (category:base,tabindex:12)
2024-01-31 12:47:43,998 [INFO] PluginManage:310 - Check plugin userauth
2024-01-31 12:47:44,004 [INFO] UserAuth:113 - Init User Auth plugin
2024-01-31 12:47:44,005 [INFO] PluginManage:359 - Loaded plugin userauth (category:base,tabindex:14)
2024-01-31 12:47:44,005 [INFO] PluginManage:283 - PluginManage : Loaded plugins [17]
2024-01-31 12:47:44,262 [INFO] PinOutPanel:1499 - setPackage(No Configuration,No Configuration)
2024-01-31 12:47:44,702 [INFO] CADModel:165 - CPN selected for project level
2024-01-31 12:47:44,703 [INFO] CADModel:114 - Register for checkConnection events
2024-01-31 12:47:44,721 [INFO] IPUIPlugin:80 - create IPUIPlugin
2024-01-31 12:47:44,721 [INFO] PluginManager:220 - loadIPPluginJar : add mdma
2024-01-31 12:47:44,730 [INFO] IPUIPlugin:80 - create IPUIPlugin
2024-01-31 12:47:44,730 [INFO] PluginManager:220 - loadIPPluginJar : add freertos
2024-01-31 12:47:44,733 [INFO] IPUIPlugin:80 - create IPUIPlugin
2024-01-31 12:47:44,733 [INFO] PluginManager:220 - loadIPPluginJar : add gic
2024-01-31 12:47:44,738 [INFO] IPUIPlugin:80 - create IPUIPlugin
2024-01-31 12:47:44,738 [INFO] PluginManager:220 - loadIPPluginJar : add adc
2024-01-31 12:47:44,740 [INFO] IPUIPlugin:80 - create IPUIPlugin
2024-01-31 12:47:44,740 [INFO] PluginManager:220 - loadIPPluginJar : add gtzc
2024-01-31 12:47:44,741 [INFO] IPUIPlugin:80 - create IPUIPlugin
2024-01-31 12:47:44,741 [INFO] PluginManager:220 - loadIPPluginJar : add quadspi
2024-01-31 12:47:44,743 [INFO] IPUIPlugin:80 - create IPUIPlugin
2024-01-31 12:47:44,743 [INFO] PluginManager:220 - loadIPPluginJar : add aes
2024-01-31 12:47:44,745 [INFO] IPUIPlugin:80 - create IPUIPlugin
2024-01-31 12:47:44,745 [INFO] PluginManager:220 - loadIPPluginJar : add pdm2pcm
2024-01-31 12:47:44,746 [INFO] IPUIPlugin:80 - create IPUIPlugin
2024-01-31 12:47:44,746 [INFO] PluginManager:220 - loadIPPluginJar : add hash
2024-01-31 12:47:44,747 [INFO] IPUIPlugin:80 - create IPUIPlugin
2024-01-31 12:47:44,747 [INFO] PluginManager:220 - loadIPPluginJar : add tim
2024-01-31 12:47:44,748 [INFO] IPUIPlugin:80 - create IPUIPlugin
2024-01-31 12:47:44,748 [INFO] PluginManager:220 - loadIPPluginJar : add tsc
2024-01-31 12:47:44,749 [INFO] IPUIPlugin:80 - create IPUIPlugin
2024-01-31 12:47:44,749 [INFO] PluginManager:220 - loadIPPluginJar : add ts
2024-01-31 12:47:44,750 [INFO] IPUIPlugin:80 - create IPUIPlugin
2024-01-31 12:47:44,751 [INFO] PluginManager:220 - loadIPPluginJar : add can
2024-01-31 12:47:44,752 [INFO] IPUIPlugin:80 - create IPUIPlugin
2024-01-31 12:47:44,752 [INFO] PluginManager:220 - loadIPPluginJar : add dma3
2024-01-31 12:47:44,754 [INFO] IPUIPlugin:80 - create IPUIPlugin
2024-01-31 12:47:44,754 [INFO] PluginManager:220 - loadIPPluginJar : add dfsdm
2024-01-31 12:47:44,755 [INFO] IPUIPlugin:80 - create IPUIPlugin
2024-01-31 12:47:44,755 [INFO] PluginManager:220 - loadIPPluginJar : add spi
2024-01-31 12:47:44,756 [INFO] IPUIPlugin:80 - create IPUIPlugin
2024-01-31 12:47:44,756 [INFO] PluginManager:220 - loadIPPluginJar : add gfxmmu
2024-01-31 12:47:44,757 [INFO] IPUIPlugin:80 - create IPUIPlugin
2024-01-31 12:47:44,757 [INFO] PluginManager:220 - loadIPPluginJar : add genericplugin
2024-01-31 12:47:44,758 [INFO] IPUIPlugin:80 - create IPUIPlugin
2024-01-31 12:47:44,758 [INFO] PluginManager:220 - loadIPPluginJar : add cryp
2024-01-31 12:47:44,763 [INFO] IPUIPlugin:80 - create IPUIPlugin
2024-01-31 12:47:44,764 [INFO] PluginManager:220 - loadIPPluginJar : add gpio
2024-01-31 12:47:44,765 [INFO] IPUIPlugin:80 - create IPUIPlugin
2024-01-31 12:47:44,766 [INFO] PluginManager:220 - loadIPPluginJar : add comp
2024-01-31 12:47:44,767 [INFO] IPUIPlugin:80 - create IPUIPlugin
2024-01-31 12:47:44,767 [INFO] PluginManager:220 - loadIPPluginJar : add tracer_emb
2024-01-31 12:47:44,769 [INFO] IPUIPlugin:80 - create IPUIPlugin
2024-01-31 12:47:44,769 [INFO] PluginManager:220 - loadIPPluginJar : add openamp
2024-01-31 12:47:44,772 [INFO] IPUIPlugin:80 - create IPUIPlugin
2024-01-31 12:47:44,772 [INFO] PluginManager:220 - loadIPPluginJar : add stm32_wpan
2024-01-31 12:47:44,776 [INFO] IPUIPlugin:80 - create IPUIPlugin
2024-01-31 12:47:44,785 [INFO] PluginManager:220 - loadIPPluginJar : add plateformsettings
2024-01-31 12:47:44,788 [INFO] IPUIPlugin:80 - create IPUIPlugin
2024-01-31 12:47:44,788 [INFO] PluginManager:220 - loadIPPluginJar : add ipddr
2024-01-31 12:47:44,789 [INFO] IPUIPlugin:80 - create IPUIPlugin
2024-01-31 12:47:44,790 [INFO] PluginManager:220 - loadIPPluginJar : add usart
2024-01-31 12:47:44,791 [INFO] IPUIPlugin:80 - create IPUIPlugin
2024-01-31 12:47:44,791 [INFO] PluginManager:220 - loadIPPluginJar : add ltdc
2024-01-31 12:47:44,793 [INFO] IPUIPlugin:80 - create IPUIPlugin
2024-01-31 12:47:44,793 [INFO] PluginManager:220 - loadIPPluginJar : add nvic
2024-01-31 12:47:44,794 [INFO] IPUIPlugin:80 - create IPUIPlugin
2024-01-31 12:47:44,795 [INFO] PluginManager:220 - loadIPPluginJar : add fatfs
2024-01-31 12:47:44,800 [INFO] IPUIPlugin:80 - create IPUIPlugin
2024-01-31 12:47:44,800 [INFO] PluginManager:220 - loadIPPluginJar : add linkedlist
2024-01-31 12:47:44,803 [INFO] IPUIPlugin:80 - create IPUIPlugin
2024-01-31 12:47:44,803 [INFO] PluginManager:220 - loadIPPluginJar : add dma
2024-01-31 12:47:44,805 [INFO] IPUIPlugin:80 - create IPUIPlugin
2024-01-31 12:47:44,805 [INFO] PluginManager:220 - loadIPPluginJar : add fmc
2024-01-31 12:47:44,806 [INFO] IPUIPlugin:80 - create IPUIPlugin
2024-01-31 12:47:44,807 [INFO] PluginManager:220 - loadIPPluginJar : add i2s
2024-01-31 12:47:44,808 [INFO] IPUIPlugin:80 - create IPUIPlugin
2024-01-31 12:47:44,808 [INFO] PluginManager:220 - loadIPPluginJar : add ucpd
2024-01-31 12:47:44,809 [INFO] IPUIPlugin:80 - create IPUIPlugin
2024-01-31 12:47:44,810 [INFO] PluginManager:220 - loadIPPluginJar : add lorawan
2024-01-31 12:47:44,811 [INFO] IPUIPlugin:80 - create IPUIPlugin
2024-01-31 12:47:44,811 [INFO] PluginManager:220 - loadIPPluginJar : add opamp
2024-01-31 12:47:44,813 [INFO] IPUIPlugin:80 - create IPUIPlugin
2024-01-31 12:47:44,813 [INFO] PluginManager:220 - loadIPPluginJar : add i3c
2024-01-31 12:47:44,815 [INFO] IPUIPlugin:80 - create IPUIPlugin
2024-01-31 12:47:44,815 [INFO] PluginManager:220 - loadIPPluginJar : add touchsensing
2024-01-31 12:47:44,816 [INFO] IPUIPlugin:80 - create IPUIPlugin
2024-01-31 12:47:44,816 [INFO] PluginManager:220 - loadIPPluginJar : add i2c
2024-01-31 12:47:44,819 [INFO] IPUIPlugin:80 - create IPUIPlugin
2024-01-31 12:47:44,819 [INFO] PluginManager:220 - loadIPPluginJar : add resmgrutility
2024-01-31 12:47:44,820 [INFO] IPUIPlugin:80 - create IPUIPlugin
2024-01-31 12:47:44,820 [INFO] PluginManager:220 - loadIPPluginJar : add sai
2024-01-31 12:47:44,821 [INFO] IPUIPlugin:80 - create IPUIPlugin
2024-01-31 12:47:44,822 [INFO] PluginManager:220 - loadIPPluginJar : add usbx
2024-01-31 12:47:44,946 [INFO] CADModel:165 - CPN selected for project level
2024-01-31 12:47:44,949 [INFO] CADModel:114 - Register for checkConnection events
2024-01-31 12:47:44,950 [FATAL] Updater:308 - Updater called before beeing initialized
2024-01-31 12:47:44,950 [ERROR] CADModel:125 - Updater not yet initialized, retry later 
2024-01-31 12:47:45,584 [INFO] CADModel:165 - CPN selected for project level
2024-01-31 12:47:45,584 [INFO] CADModel:114 - Register for checkConnection events
2024-01-31 12:47:45,584 [FATAL] Updater:308 - Updater called before beeing initialized
2024-01-31 12:47:45,584 [ERROR] CADModel:125 - Updater not yet initialized, retry later 
2024-01-31 12:47:45,588 [FATAL] Updater:308 - Updater called before beeing initialized
2024-01-31 12:47:45,756 [FATAL] Updater:308 - Updater called before beeing initialized
2024-01-31 12:47:45,769 [INFO] DbMcusAds:53 - JSON generation date=Wed Nov 29 05:52:27 EST 2023 (1701255147200)
2024-01-31 12:47:45,770 [FATAL] Updater:308 - Updater called before beeing initialized
2024-01-31 12:47:45,832 [WARN] DetailPanel:346 - Failed to get advertising image, set to default
2024-01-31 12:47:45,910 [FATAL] Updater:308 - Updater called before beeing initialized
2024-01-31 12:47:45,914 [FATAL] Updater:308 - Updater called before beeing initialized
2024-01-31 12:47:45,914 [FATAL] Updater:308 - Updater called before beeing initialized
2024-01-31 12:47:45,914 [WARN] DetailPanel:346 - Failed to get advertising image, set to default
2024-01-31 12:47:45,916 [FATAL] Updater:308 - Updater called before beeing initialized
2024-01-31 12:47:45,997 [ERROR] Updater:1120 - MainUpdater not yet initialized. External WinMGr cannot be set.
2024-01-31 12:47:46,053 [INFO] Updater:1056 - Updater Version found : 6.9.2
2024-01-31 12:47:46,075 [INFO] ApplicationProperties:184 - Using Application install path: /Applications/STM32CubeIDE.app/Contents/Eclipse/plugins/com.st.stm32cube.common.mx_6.9.2.202309101412
2024-01-31 12:47:46,319 [INFO] MainUpdater:2868 - connection check result : 10
2024-01-31 12:47:46,321 [INFO] MainUpdater:285 - Updater Check For Update Now.
2024-01-31 12:47:46,321 [INFO] MicroXplorer:498 - Change Database Version : DB.6.0.92
2024-01-31 12:47:46,326 [INFO] McuFinderGlobals:63 - Set McuFinder mode to 2 (CubeIDE integrated)
2024-01-31 12:47:46,327 [INFO] UserAuth:179 - activating auth plugin
2024-01-31 12:47:46,339 [INFO] UserAuth:393 - Internet connection configuration mode: 1
2024-01-31 12:47:46,351 [INFO] JxBrowserEngine:151 - Initiate JxBrowser Engine with user profile folder
2024-01-31 12:47:46,604 [INFO] CheckServerUpdateThread:120 - End of CheckServer Thread
2024-01-31 12:47:46,963 [WARN] PackLoader:240 - Cannot read IP mode file for STMicroelectronics.X-CUBE-SMBUS.2.1.0
2024-01-31 12:47:46,988 [WARN] PackLoader:240 - Cannot read IP mode file for STMicroelectronics.X-CUBE-TOUCHGFX.4.23.0
2024-01-31 12:47:47,038 [WARN] PackLoader:240 - Cannot read IP mode file for STMicroelectronics.X-CUBE-AZRTOS-F7.1.1.0
2024-01-31 12:47:47,077 [WARN] PackLoader:240 - Cannot read IP mode file for STMicroelectronics.FP-SNS-MOTENV1.4.3.2
2024-01-31 12:47:47,109 [WARN] PackLoader:240 - Cannot read IP mode file for STMicroelectronics.FP-SNS-FLIGHT1.5.0.2
2024-01-31 12:47:47,128 [WARN] PackLoader:240 - Cannot read IP mode file for STMicroelectronics.X-CUBE-DISPLAY.3.0.0
2024-01-31 12:47:47,171 [WARN] PackLoader:240 - Cannot read IP mode file for STMicroelectronics.X-CUBE-BLE1.7.0.0
2024-01-31 12:47:47,194 [WARN] PackLoader:240 - Cannot read IP mode file for emotas.I-CUBE-CANOPEN.1.3.0
2024-01-31 12:47:47,214 [WARN] PackLoader:240 - Cannot read IP mode file for STMicroelectronics.X-CUBE-TOUCHGFX.4.22.1
2024-01-31 12:47:47,241 [WARN] PackLoader:240 - Cannot read IP mode file for STMicroelectronics.FP-SNS-SMARTAG2.1.2.0
2024-01-31 12:47:47,278 [INFO] LogOutputStream:77 - [STDOUT_REDIRECT] 1 : Invalid condition id : UX_CORESTACK_Condition cause : null
2024-01-31 12:47:47,281 [INFO] LogOutputStream:77 - [STDOUT_REDIRECT] 1 : Invalid condition id : UX_CORESTACK_Condition cause : null
2024-01-31 12:47:47,282 [INFO] LogOutputStream:77 - [STDOUT_REDIRECT] 1 : Invalid condition id : UX_CORESTACK_Condition cause : null
2024-01-31 12:47:47,282 [INFO] LogOutputStream:77 - [STDOUT_REDIRECT] 1 : Invalid condition id : UX_CORESTACK_Condition cause : null
2024-01-31 12:47:47,283 [INFO] LogOutputStream:77 - [STDOUT_REDIRECT] 1 : Invalid condition id : UX_CORESTACK_Condition cause : null
2024-01-31 12:47:47,309 [WARN] PackLoader:240 - Cannot read IP mode file for STMicroelectronics.X-CUBE-AZRTOS-WL.2.0.0
2024-01-31 12:47:47,402 [WARN] PackLoader:240 - Cannot read IP mode file for WES.I-CUBE-Cesium.1.3.0
2024-01-31 12:47:47,428 [WARN] PackLoader:240 - Cannot read IP mode file for STMicroelectronics.X-CUBE-BLE2.3.3.0
2024-01-31 12:47:47,477 [WARN] PackLoader:240 - Cannot read IP mode file for STMicroelectronics.X-CUBE-ALGOBUILD.1.3.0
2024-01-31 12:47:47,525 [WARN] PackLoader:240 - Cannot read IP mode file for STMicroelectronics.X-CUBE-AZRTOS-G0.1.1.0
2024-01-31 12:47:47,559 [WARN] PackLoader:240 - Cannot read IP mode file for STMicroelectronics.X-CUBE-NFC4.3.0.0
2024-01-31 12:47:47,615 [WARN] PackLoader:240 - Cannot read IP mode file for STMicroelectronics.X-CUBE-BLEMGR.3.0.0
2024-01-31 12:47:47,652 [WARN] PackLoader:240 - Cannot read IP mode file for STMicroelectronics.FP-ATR-SIGFOX1.3.2.0
2024-01-31 12:47:47,672 [WARN] PackLoader:240 - Cannot read IP mode file for STMicroelectronics.X-CUBE-EEPRMA1.5.1.0
2024-01-31 12:47:47,865 [WARN] PackLoader:240 - Cannot read IP mode file for SEGGER.I-CUBE-embOS.1.3.1
2024-01-31 12:47:48,055 [WARN] PackLoader:240 - Cannot read IP mode file for STMicroelectronics.X-CUBE-GNSS1.6.0.0
2024-01-31 12:47:48,181 [WARN] PackLoader:240 - Cannot read IP mode file for STMicroelectronics.X-CUBE-AZRTOS-F4.1.1.0
2024-01-31 12:47:48,195 [WARN] PackLoader:240 - Cannot read IP mode file for wolfSSL.I-CUBE-wolfSSL.5.6.3
2024-01-31 12:47:48,227 [WARN] PackLoader:240 - Cannot read IP mode file for STMicroelectronics.X-CUBE-AZRTOS-L5.2.0.0
2024-01-31 12:47:48,241 [WARN] PackLoader:240 - Cannot read IP mode file for STMicroelectronics.X-CUBE-EEPRMA1.4.2.0
2024-01-31 12:47:48,248 [WARN] PackLoader:240 - Cannot read IP mode file for ITTIA_DB.I-CUBE-ITTIADB.8.8.0
2024-01-31 12:47:48,276 [WARN] ConditionMgr:438 - getConditionDescription Invalid condition id : UX DEVICE CLASS RTOS Condition cause : null
2024-01-31 12:47:48,286 [WARN] ConditionMgr:438 - getConditionDescription Invalid condition id : UX DEVICE CLASS RTOS Condition cause : null
2024-01-31 12:47:48,297 [WARN] PackLoader:240 - Cannot read IP mode file for STMicroelectronics.X-CUBE-AZRTOS-H7.3.1.0
2024-01-31 12:47:48,299 [WARN] ConditionMgr:1039 - genDependencies : Invalid condition id : UX DEVICE CLASS RTOS Condition cause : null
2024-01-31 12:47:48,300 [WARN] ConditionMgr:1039 - genDependencies : Invalid condition id : UX DEVICE CLASS RTOS Condition cause : null
2024-01-31 12:47:48,301 [WARN] ConditionMgr:1039 - genDependencies : Invalid condition id : UX DEVICE CLASS RTOS Condition cause : null
2024-01-31 12:47:48,302 [WARN] ConditionMgr:1039 - genDependencies : Invalid condition id : UX DEVICE CLASS RTOS Condition cause : null
2024-01-31 12:47:48,302 [WARN] ConditionMgr:1039 - genDependencies : Invalid condition id : UX DEVICE CLASS RTOS Condition cause : null
2024-01-31 12:47:48,310 [WARN] PackLoader:240 - Cannot read IP mode file for STMicroelectronics.X-CUBE-NFC7.1.0.1
2024-01-31 12:47:48,325 [WARN] PackLoader:240 - Cannot read IP mode file for STMicroelectronics.X-CUBE-NFC6.3.0.0
2024-01-31 12:47:48,342 [WARN] PackLoader:240 - Cannot read IP mode file for STMicroelectronics.X-CUBE-AI.8.1.0
2024-01-31 12:47:48,364 [WARN] ConditionMgr:438 - getConditionDescription Invalid condition id : LAN8742 Phy interface Condition cause : null
2024-01-31 12:47:48,366 [WARN] PackLoader:240 - Cannot read IP mode file for STMicroelectronics.X-CUBE-AZRTOS-L4.2.0.0
2024-01-31 12:47:48,384 [WARN] ConditionMgr:1039 - genDependencies : Invalid condition id : LAN8742 Phy interface Condition cause : null
2024-01-31 12:47:48,384 [WARN] ConditionMgr:1039 - genDependencies : Invalid condition id : LAN8742 Phy interface Condition cause : null
2024-01-31 12:47:48,385 [WARN] ConditionMgr:1039 - genDependencies : Invalid condition id : LAN8742 Phy interface Condition cause : null
2024-01-31 12:47:48,401 [WARN] PackLoader:240 - Cannot read IP mode file for STMicroelectronics.X-CUBE-SFXS2LP1.4.0.0
2024-01-31 12:47:48,435 [WARN] PackLoader:240 - Cannot read IP mode file for STMicroelectronics.X-CUBE-ISPU.1.1.0
2024-01-31 12:47:48,461 [WARN] ConditionMgr:438 - getConditionDescription Invalid condition id : UX DEVICE CLASS RTOS Condition cause : null
2024-01-31 12:47:48,462 [WARN] ConditionMgr:438 - getConditionDescription Invalid condition id : UX DEVICE CLASS RTOS Condition cause : null
2024-01-31 12:47:48,466 [WARN] PackLoader:240 - Cannot read IP mode file for STMicroelectronics.X-CUBE-AZRTOS-WB.2.0.0
2024-01-31 12:47:48,468 [WARN] ConditionMgr:1039 - genDependencies : Invalid condition id : UX DEVICE CLASS RTOS Condition cause : null
2024-01-31 12:47:48,468 [WARN] ConditionMgr:1039 - genDependencies : Invalid condition id : UX DEVICE CLASS RTOS Condition cause : null
2024-01-31 12:47:48,469 [WARN] ConditionMgr:1039 - genDependencies : Invalid condition id : UX DEVICE CLASS RTOS Condition cause : null
2024-01-31 12:47:48,470 [WARN] ConditionMgr:1039 - genDependencies : Invalid condition id : UX DEVICE CLASS RTOS Condition cause : null
2024-01-31 12:47:48,470 [WARN] ConditionMgr:1039 - genDependencies : Invalid condition id : UX DEVICE CLASS RTOS Condition cause : null
2024-01-31 12:47:48,495 [WARN] PackLoader:240 - Cannot read IP mode file for STMicroelectronics.X-CUBE-SUBG2.5.0.0
2024-01-31 12:47:48,522 [WARN] PackLoader:240 - Cannot read IP mode file for STMicroelectronics.X-CUBE-TOF1.3.3.1
2024-01-31 12:47:48,575 [WARN] PackLoader:240 - Cannot read IP mode file for STMicroelectronics.X-CUBE-AZRTOS-G4.2.0.0
2024-01-31 12:47:48,612 [WARN] PackLoader:240 - Cannot read IP mode file for Infineon.AIROC-Wi-Fi-Bluetooth-STM32.1.5.1
2024-01-31 12:47:48,624 [WARN] PackLoader:240 - Cannot read IP mode file for STMicroelectronics.FP-SNS-MOTENVWB1.1.3.1
2024-01-31 12:47:48,628 [WARN] PackLoader:240 - Cannot read IP mode file for STMicroelectronics.X-CUBE-ISPU.2.0.0
2024-01-31 12:47:48,683 [WARN] PackLoader:240 - Cannot read IP mode file for STMicroelectronics.X-CUBE-MEMS1.10.0.0
2024-01-31 12:47:48,847 [WARN] PackLoader:240 - Cannot read IP mode file for STMicroelectronics.X-CUBE-FREERTOS.1.1.0
2024-01-31 12:47:48,859 [WARN] PackLoader:240 - Cannot read IP mode file for portGmbH.I-Cube-SoM-uGOAL.1.1.0
2024-01-31 12:47:48,864 [WARN] PackLoader:240 - Cannot read IP mode file for STMicroelectronics.X-CUBE-ALS.1.0.1
2024-01-31 12:47:48,870 [WARN] PackLoader:240 - Cannot read IP mode file for STMicroelectronics.FP-ATR-ASTRA1.2.0.0
2024-01-31 12:47:48,887 [WARN] PackLoader:240 - Cannot read IP mode file for STMicroelectronics.X-CUBE-TOF1.3.4.0
2024-01-31 12:47:48,946 [WARN] PackLoader:240 - Cannot read IP mode file for STMicroelectronics.X-CUBE-AZRTOS-H7.3.2.0
2024-01-31 12:47:48,963 [INFO] ThirdParty:978 - Integrity check success = true
2024-01-31 12:47:48,963 [INFO] IntegrityCheckThread:100 - exiting critical section [integrity check]
2024-01-31 12:47:48,963 [INFO] IntegrityCheckThread:103 - End integrity checks thread
2024-01-31 12:47:50,180 [ERROR] LogOutputStream:75 - [STDERR_REDIRECT] 
