2024-02-10 22:14:38,070 [INFO] Activator:176 - 


2024-02-10 22:14:38,072 [INFO] Activator:177 - !SESSION log4j initialized
2024-02-10 22:14:39,499 [ERROR] LogOutputStream:75 - [STDERR_REDIRECT] 
2024-02-10 22:14:41,623 [INFO] LogOutputStream:77 - [STDOUT_REDIRECT] 
2024-02-10 22:14:42,379 [ERROR] LogOutputStream:75 - [STDERR_REDIRECT] java.net.URISyntaxException: Illegal character in path at index 46: file:/Users/jason/Documents/Dartmouth/W24/ENGS 90/git/ENGS89-90-CAN-Decoder/.metadata/.log4j2.xml
2024-02-10 22:14:42,381 [ERROR] LogOutputStream:75 - [STDERR_REDIRECT] 	at java.base/java.net.URI$Parser.fail(URI.java:2976)
2024-02-10 22:14:42,382 [ERROR] LogOutputStream:75 - [STDERR_REDIRECT] 	at java.base/java.net.URI$Parser.checkChars(URI.java:3147)
2024-02-10 22:14:42,382 [ERROR] LogOutputStream:75 - [STDERR_REDIRECT] 	at java.base/java.net.URI$Parser.parseHierarchical(URI.java:3229)
2024-02-10 22:14:42,386 [ERROR] LogOutputStream:75 - [STDERR_REDIRECT] 	at java.base/java.net.URI$Parser.parse(URI.java:3177)
2024-02-10 22:14:42,390 [ERROR] LogOutputStream:75 - [STDERR_REDIRECT] 	at java.base/java.net.URI.<init>(URI.java:623)
2024-02-10 22:14:42,392 [ERROR] LogOutputStream:75 - [STDERR_REDIRECT] 	at java.base/java.net.URL.toURI(URL.java:1056)
2024-02-10 22:14:42,392 [ERROR] LogOutputStream:75 - [STDERR_REDIRECT] 	at com.st.stm32cube.common.mx.core.CubeMxInstance.getInstance(CubeMxInstance.java:81)
2024-02-10 22:14:42,395 [ERROR] LogOutputStream:75 - [STDERR_REDIRECT] 	at com.st.stm32cube.common.mx.userauth.UserAuthAdapter.<init>(UserAuthAdapter.java:25)
2024-02-10 22:14:42,395 [ERROR] LogOutputStream:75 - [STDERR_REDIRECT] 	at com.st.stm32cube.common.mx.userauth.UserAuthProvider.getUserAuthAdapter(UserAuthProvider.java:16)
2024-02-10 22:14:42,396 [ERROR] LogOutputStream:75 - [STDERR_REDIRECT] 	at com.st.stm32cube.common.ecosystemintegration.ui.core.MCUEcoSystemIntegrationUiHelper.getUserAuth(MCUEcoSystemIntegrationUiHelper.java:100)
2024-02-10 22:14:42,397 [ERROR] LogOutputStream:75 - [STDERR_REDIRECT] 	at com.st.stm32cube.ide.mcu.userauth.UserAuthStartup.earlyStartup(UserAuthStartup.java:41)
2024-02-10 22:14:42,397 [ERROR] LogOutputStream:75 - [STDERR_REDIRECT] 	at org.eclipse.ui.internal.EarlyStartupRunnable.runEarlyStartup(EarlyStartupRunnable.java:79)
2024-02-10 22:14:42,397 [ERROR] LogOutputStream:75 - [STDERR_REDIRECT] 	at org.eclipse.ui.internal.EarlyStartupRunnable.run(EarlyStartupRunnable.java:55)
2024-02-10 22:14:42,397 [ERROR] LogOutputStream:75 - [STDERR_REDIRECT] 	at org.eclipse.core.runtime.SafeRunner.run(SafeRunner.java:45)
2024-02-10 22:14:42,397 [ERROR] LogOutputStream:75 - [STDERR_REDIRECT] 	at org.eclipse.ui.internal.Workbench$39.run(Workbench.java:2737)
2024-02-10 22:14:42,397 [ERROR] LogOutputStream:75 - [STDERR_REDIRECT] 	at org.eclipse.core.internal.jobs.Worker.run(Worker.java:63)
2024-02-10 22:14:44,107 [INFO] ApplicationProperties:184 - Using Application install path: /Applications/STM32CubeIDE.app/Contents/Eclipse/plugins/com.st.stm32cube.common.mx_6.10.0.202311202037
2024-02-10 22:14:44,166 [INFO] DbMcusXml:78 - Set database path to: /Applications/STM32CubeIDE.app/Contents/Eclipse/plugins/com.st.stm32cube.common.mx_6.10.0.202311202037//db//mcu/
2024-02-10 22:14:44,167 [INFO] ApiDb:274 - Set plugin database path to: /Applications/STM32CubeIDE.app/Contents/Eclipse/plugins/com.st.stm32cube.common.mx_6.10.0.202311202037//db//plugins/boardmanager/
2024-02-10 22:14:44,171 [WARN] ApiDb:259 - Overriding images path with different value:  => /Applications/STM32CubeIDE.app/Contents/Eclipse/plugins/com.st.stm32cube.common.mx_6.10.0.202311202037//db//plugins/mcufinder/images/
2024-02-10 22:14:44,188 [INFO] ApiDb:250 - Set database path to: /Users/jason/.stmcufinder/plugins/mcufinder//mcu/
2024-02-10 22:14:44,189 [INFO] DbMcusAds:125 - Set database path to: /Users/jason/.stmcufinder/plugins/mcufinder//mcu/
2024-02-10 22:14:44,193 [INFO] CrossReferenceDbSqlite:203 - Set database path to: /Users/jason/.stmcufinder/plugins/mcufinder//mcu/cs/
2024-02-10 22:14:44,524 [INFO] RulesReader:64 - Compatibility file has been processed (297 Rules)
2024-02-10 22:14:44,551 [ERROR] LogOutputStream:75 - [STDERR_REDIRECT] [Fatal Error] :2:10: DOCTYPE is disallowed when the feature "http://apache.org/xml/features/disallow-doctype-decl" set to true.
2024-02-10 22:14:44,552 [ERROR] LogOutputStream:75 - [STDERR_REDIRECT] 
2024-02-10 22:14:44,659 [INFO] DbMcusXml:78 - Set database path to: /Applications/STM32CubeIDE.app/Contents/Eclipse/plugins/com.st.stm32cube.common.mx_6.10.0.202311202037//db//mcu/
2024-02-10 22:14:44,661 [INFO] ApiDb:274 - Set plugin database path to: /Applications/STM32CubeIDE.app/Contents/Eclipse/plugins/com.st.stm32cube.common.mx_6.10.0.202311202037//db//plugins/boardmanager/
2024-02-10 22:14:44,662 [INFO] ApiDb:261 - Set plugin images path to: /Applications/STM32CubeIDE.app/Contents/Eclipse/plugins/com.st.stm32cube.common.mx_6.10.0.202311202037//db//plugins/mcufinder/images/
2024-02-10 22:14:44,664 [WARN] DbFile:41 - Overriding database path with different value: /Users/jason/.stmcufinder/plugins/mcufinder/ => /Users/jason/.stmcufinder/plugins/mcufinder
2024-02-10 22:14:44,664 [INFO] ApiDb:250 - Set database path to: /Users/jason/.stmcufinder/plugins/mcufinder//mcu/
2024-02-10 22:14:44,664 [WARN] DbFile:41 - Overriding database path with different value: /Users/jason/.stmcufinder/plugins/mcufinder/ => /Users/jason/.stmcufinder/plugins/mcufinder
2024-02-10 22:14:44,664 [INFO] DbMcusAds:125 - Set database path to: /Users/jason/.stmcufinder/plugins/mcufinder//mcu/
2024-02-10 22:14:44,664 [WARN] DbFile:41 - Overriding database path with different value: /Users/jason/.stmcufinder/plugins/mcufinder/ => /Users/jason/.stmcufinder/plugins/mcufinder
2024-02-10 22:14:44,664 [WARN] DbFile:41 - Overriding database path with different value: /Users/jason/.stmcufinder/plugins/mcufinder/ => /Users/jason/.stmcufinder/plugins/mcufinder
2024-02-10 22:14:44,664 [INFO] CrossReferenceDbSqlite:203 - Set database path to: /Users/jason/.stmcufinder/plugins/mcufinder//mcu/cs/
2024-02-10 22:14:44,797 [INFO] MainPanel:264 - HeapMemory: 279969792
2024-02-10 22:14:44,911 [INFO] DbMcusXml:78 - Set database path to: /Applications/STM32CubeIDE.app/Contents/Eclipse/plugins/com.st.stm32cube.common.mx_6.10.0.202311202037//db//mcu/
2024-02-10 22:14:44,912 [INFO] ApiDb:274 - Set plugin database path to: /Applications/STM32CubeIDE.app/Contents/Eclipse/plugins/com.st.stm32cube.common.mx_6.10.0.202311202037//db//plugins/boardmanager/
2024-02-10 22:14:44,913 [INFO] ApiDb:261 - Set plugin images path to: /Applications/STM32CubeIDE.app/Contents/Eclipse/plugins/com.st.stm32cube.common.mx_6.10.0.202311202037//db//plugins/mcufinder/images/
2024-02-10 22:14:44,913 [WARN] DbFile:41 - Overriding database path with different value: /Users/jason/.stmcufinder/plugins/mcufinder/ => /Users/jason/.stmcufinder/plugins/mcufinder
2024-02-10 22:14:44,913 [INFO] ApiDb:250 - Set database path to: /Users/jason/.stmcufinder/plugins/mcufinder//mcu/
2024-02-10 22:14:44,913 [WARN] DbFile:41 - Overriding database path with different value: /Users/jason/.stmcufinder/plugins/mcufinder/ => /Users/jason/.stmcufinder/plugins/mcufinder
2024-02-10 22:14:44,913 [INFO] DbMcusAds:125 - Set database path to: /Users/jason/.stmcufinder/plugins/mcufinder//mcu/
2024-02-10 22:14:44,913 [WARN] DbFile:41 - Overriding database path with different value: /Users/jason/.stmcufinder/plugins/mcufinder/ => /Users/jason/.stmcufinder/plugins/mcufinder
2024-02-10 22:14:44,913 [WARN] DbFile:41 - Overriding database path with different value: /Users/jason/.stmcufinder/plugins/mcufinder/ => /Users/jason/.stmcufinder/plugins/mcufinder
2024-02-10 22:14:44,915 [INFO] CrossReferenceDbSqlite:203 - Set database path to: /Users/jason/.stmcufinder/plugins/mcufinder//mcu/cs/
2024-02-10 22:14:44,943 [INFO] ApplicationProperties:184 - Using Application install path: /Applications/STM32CubeIDE.app/Contents/Eclipse/plugins/com.st.stm32cube.common.mx_6.10.0.202311202037
2024-02-10 22:14:44,945 [INFO] PluginManage:196 - Search for loadable plugins [exclusion list=, ]
2024-02-10 22:14:44,947 [INFO] PluginManage:310 - Check plugin analytics
2024-02-10 22:14:45,186 [INFO] AnalyticsPlugin:253 - Accepted Software Licenses: 
2024-02-10 22:14:45,187 [INFO] AnalyticsPlugin:255 - Accepted CMSIS Pack Licenses: 
2024-02-10 22:14:45,187 [INFO] AnalyticsPlugin:257 - Accepted Firmware Licenses: FW.F4.1.27.0,FW.F7.1.17.0
2024-02-10 22:14:45,200 [INFO] PluginManage:359 - Loaded plugin analytics (category:tool,tabindex:-1)
2024-02-10 22:14:45,202 [INFO] PluginManage:310 - Check plugin cadmodel
2024-02-10 22:14:45,474 [INFO] CADModel:105 - Init CAD model plugin
2024-02-10 22:14:45,474 [INFO] PluginManage:359 - Loaded plugin cadmodel (category:power,tabindex:5)
2024-02-10 22:14:45,475 [INFO] PluginManage:310 - Check plugin clock
2024-02-10 22:14:45,486 [INFO] PluginManage:359 - Loaded plugin clock (category:base,tabindex:2)
2024-02-10 22:14:45,487 [INFO] PluginManage:310 - Check plugin ddr
2024-02-10 22:14:45,488 [INFO] PluginManage:359 - Loaded plugin ddr (category:tool,tabindex:6)
2024-02-10 22:14:45,488 [INFO] PluginManage:310 - Check plugin filemanager
2024-02-10 22:14:45,650 [INFO] PluginManage:359 - Loaded plugin filemanager (category:base,tabindex:10)
2024-02-10 22:14:45,650 [INFO] PluginManage:310 - Check plugin ipmanager
2024-02-10 22:14:45,657 [INFO] PluginManage:359 - Loaded plugin ipmanager (category:base,tabindex:5)
2024-02-10 22:14:45,657 [INFO] PluginManage:310 - Check plugin lpbam
2024-02-10 22:14:45,666 [INFO] PluginManage:359 - Loaded plugin lpbam (category:base,tabindex:0)
2024-02-10 22:14:45,667 [INFO] PluginManage:310 - Check plugin memorymap
2024-02-10 22:14:45,676 [INFO] PluginManage:359 - Loaded plugin memorymap (category:base,tabindex:4)
2024-02-10 22:14:45,676 [INFO] PluginManage:310 - Check plugin pinoutandconfiguration
2024-02-10 22:14:45,680 [INFO] PluginManage:359 - Loaded plugin pinoutandconfiguration (category:base,tabindex:1)
2024-02-10 22:14:45,681 [INFO] PluginManage:310 - Check plugin pinoutconfig
2024-02-10 22:14:45,851 [WARN] SupportedApi:132 - Cannot load RTOS API schema: s4s-elt-must-match.1: The content of 'definitions' must match (annotation?, (simpleType | complexType)?, (unique | key | keyref)*)). A problem was found starting at: attribute.
2024-02-10 22:14:46,033 [INFO] PluginManage:359 - Loaded plugin pinoutconfig (category:base,tabindex:0)
2024-02-10 22:14:46,034 [INFO] PluginManage:310 - Check plugin power
2024-02-10 22:14:46,053 [INFO] PluginManage:359 - Loaded plugin power (category:power,tabindex:4)
2024-02-10 22:14:46,054 [INFO] PluginManage:310 - Check plugin projectmanager
2024-02-10 22:14:46,090 [INFO] PluginManage:359 - Loaded plugin projectmanager (category:projectmanager,tabindex:3)
2024-02-10 22:14:46,090 [INFO] PluginManage:310 - Check plugin thirdparty
2024-02-10 22:14:46,275 [INFO] PluginManage:359 - Loaded plugin thirdparty (category:base,tabindex:-1)
2024-02-10 22:14:46,276 [INFO] PluginManage:310 - Check plugin tools
2024-02-10 22:14:46,275 [WARN] IntegrityCheckThread:84 - waiting for thirdparty lock release [integrity check]
2024-02-10 22:14:46,277 [INFO] IntegrityCheckThread:86 - entering critical section [integrity check]
2024-02-10 22:14:46,279 [INFO] PluginManage:359 - Loaded plugin tools (category:base,tabindex:7)
2024-02-10 22:14:46,279 [INFO] ThirdPartyUpdaterWithRetryManager:70 - Updater plugin not ready yet. [1/15]
2024-02-10 22:14:46,279 [INFO] PluginManage:310 - Check plugin tutovideos
2024-02-10 22:14:46,434 [INFO] PluginManage:359 - Loaded plugin tutovideos (category:base,tabindex:-1)
2024-02-10 22:14:46,434 [INFO] PluginManage:310 - Check plugin updater
2024-02-10 22:14:46,448 [INFO] PluginManage:359 - Loaded plugin updater (category:base,tabindex:12)
2024-02-10 22:14:46,449 [INFO] PluginManage:310 - Check plugin userauth
2024-02-10 22:14:46,454 [INFO] UserAuth:114 - Init User Auth plugin
2024-02-10 22:14:46,454 [INFO] PluginManage:359 - Loaded plugin userauth (category:base,tabindex:14)
2024-02-10 22:14:46,455 [INFO] PluginManage:283 - PluginManage : Loaded plugins [17]
2024-02-10 22:14:46,709 [INFO] PinOutPanel:1499 - setPackage(No Configuration,No Configuration)
2024-02-10 22:14:46,772 [INFO] CADModel:165 - CPN selected for project level
2024-02-10 22:14:46,772 [INFO] CADModel:114 - Register for checkConnection events
2024-02-10 22:14:46,781 [INFO] IPUIPlugin:80 - create IPUIPlugin
2024-02-10 22:14:46,781 [INFO] PluginManager:220 - loadIPPluginJar : add mdma
2024-02-10 22:14:46,787 [INFO] IPUIPlugin:80 - create IPUIPlugin
2024-02-10 22:14:46,787 [INFO] PluginManager:220 - loadIPPluginJar : add freertos
2024-02-10 22:14:46,792 [INFO] IPUIPlugin:80 - create IPUIPlugin
2024-02-10 22:14:46,792 [INFO] PluginManager:220 - loadIPPluginJar : add gic
2024-02-10 22:14:46,805 [INFO] IPUIPlugin:80 - create IPUIPlugin
2024-02-10 22:14:46,806 [INFO] PluginManager:220 - loadIPPluginJar : add adc
2024-02-10 22:14:46,808 [INFO] IPUIPlugin:80 - create IPUIPlugin
2024-02-10 22:14:46,809 [INFO] PluginManager:220 - loadIPPluginJar : add gtzc
2024-02-10 22:14:46,810 [INFO] IPUIPlugin:80 - create IPUIPlugin
2024-02-10 22:14:46,810 [INFO] PluginManager:220 - loadIPPluginJar : add quadspi
2024-02-10 22:14:46,811 [INFO] IPUIPlugin:80 - create IPUIPlugin
2024-02-10 22:14:46,811 [INFO] PluginManager:220 - loadIPPluginJar : add aes
2024-02-10 22:14:46,814 [INFO] IPUIPlugin:80 - create IPUIPlugin
2024-02-10 22:14:46,814 [INFO] PluginManager:220 - loadIPPluginJar : add pdm2pcm
2024-02-10 22:14:46,815 [INFO] IPUIPlugin:80 - create IPUIPlugin
2024-02-10 22:14:46,815 [INFO] PluginManager:220 - loadIPPluginJar : add hash
2024-02-10 22:14:46,816 [INFO] IPUIPlugin:80 - create IPUIPlugin
2024-02-10 22:14:46,816 [INFO] PluginManager:220 - loadIPPluginJar : add tim
2024-02-10 22:14:46,817 [INFO] IPUIPlugin:80 - create IPUIPlugin
2024-02-10 22:14:46,817 [INFO] PluginManager:220 - loadIPPluginJar : add tsc
2024-02-10 22:14:46,817 [INFO] IPUIPlugin:80 - create IPUIPlugin
2024-02-10 22:14:46,818 [INFO] PluginManager:220 - loadIPPluginJar : add ts
2024-02-10 22:14:46,819 [INFO] IPUIPlugin:80 - create IPUIPlugin
2024-02-10 22:14:46,819 [INFO] PluginManager:220 - loadIPPluginJar : add can
2024-02-10 22:14:46,821 [INFO] IPUIPlugin:80 - create IPUIPlugin
2024-02-10 22:14:46,822 [INFO] PluginManager:220 - loadIPPluginJar : add dma3
2024-02-10 22:14:46,823 [INFO] IPUIPlugin:80 - create IPUIPlugin
2024-02-10 22:14:46,823 [INFO] PluginManager:220 - loadIPPluginJar : add dfsdm
2024-02-10 22:14:46,825 [INFO] IPUIPlugin:80 - create IPUIPlugin
2024-02-10 22:14:46,825 [INFO] PluginManager:220 - loadIPPluginJar : add spi
2024-02-10 22:14:46,827 [INFO] IPUIPlugin:80 - create IPUIPlugin
2024-02-10 22:14:46,827 [INFO] PluginManager:220 - loadIPPluginJar : add gfxmmu
2024-02-10 22:14:46,828 [INFO] IPUIPlugin:80 - create IPUIPlugin
2024-02-10 22:14:46,828 [INFO] PluginManager:220 - loadIPPluginJar : add genericplugin
2024-02-10 22:14:46,829 [INFO] IPUIPlugin:80 - create IPUIPlugin
2024-02-10 22:14:46,829 [INFO] PluginManager:220 - loadIPPluginJar : add cryp
2024-02-10 22:14:46,831 [INFO] IPUIPlugin:80 - create IPUIPlugin
2024-02-10 22:14:46,831 [INFO] PluginManager:220 - loadIPPluginJar : add gpio
2024-02-10 22:14:46,832 [INFO] IPUIPlugin:80 - create IPUIPlugin
2024-02-10 22:14:46,832 [INFO] PluginManager:220 - loadIPPluginJar : add comp
2024-02-10 22:14:46,833 [INFO] IPUIPlugin:80 - create IPUIPlugin
2024-02-10 22:14:46,833 [INFO] PluginManager:220 - loadIPPluginJar : add tracer_emb
2024-02-10 22:14:46,835 [INFO] IPUIPlugin:80 - create IPUIPlugin
2024-02-10 22:14:46,835 [INFO] PluginManager:220 - loadIPPluginJar : add openamp
2024-02-10 22:14:46,838 [INFO] IPUIPlugin:80 - create IPUIPlugin
2024-02-10 22:14:46,838 [INFO] PluginManager:220 - loadIPPluginJar : add stm32_wpan
2024-02-10 22:14:46,844 [INFO] IPUIPlugin:80 - create IPUIPlugin
2024-02-10 22:14:46,847 [INFO] PluginManager:220 - loadIPPluginJar : add plateformsettings
2024-02-10 22:14:46,850 [INFO] IPUIPlugin:80 - create IPUIPlugin
2024-02-10 22:14:46,850 [INFO] PluginManager:220 - loadIPPluginJar : add ipddr
2024-02-10 22:14:46,852 [INFO] IPUIPlugin:80 - create IPUIPlugin
2024-02-10 22:14:46,852 [INFO] PluginManager:220 - loadIPPluginJar : add usart
2024-02-10 22:14:46,852 [INFO] IPUIPlugin:80 - create IPUIPlugin
2024-02-10 22:14:46,852 [INFO] PluginManager:220 - loadIPPluginJar : add ltdc
2024-02-10 22:14:46,854 [INFO] IPUIPlugin:80 - create IPUIPlugin
2024-02-10 22:14:46,854 [INFO] PluginManager:220 - loadIPPluginJar : add nvic
2024-02-10 22:14:46,855 [INFO] IPUIPlugin:80 - create IPUIPlugin
2024-02-10 22:14:46,855 [INFO] PluginManager:220 - loadIPPluginJar : add fatfs
2024-02-10 22:14:46,859 [INFO] IPUIPlugin:80 - create IPUIPlugin
2024-02-10 22:14:46,859 [INFO] PluginManager:220 - loadIPPluginJar : add linkedlist
2024-02-10 22:14:46,862 [INFO] IPUIPlugin:80 - create IPUIPlugin
2024-02-10 22:14:46,863 [INFO] PluginManager:220 - loadIPPluginJar : add dma
2024-02-10 22:14:46,867 [INFO] IPUIPlugin:80 - create IPUIPlugin
2024-02-10 22:14:46,867 [INFO] PluginManager:220 - loadIPPluginJar : add fmc
2024-02-10 22:14:46,868 [INFO] IPUIPlugin:80 - create IPUIPlugin
2024-02-10 22:14:46,868 [INFO] PluginManager:220 - loadIPPluginJar : add i2s
2024-02-10 22:14:46,869 [INFO] IPUIPlugin:80 - create IPUIPlugin
2024-02-10 22:14:46,870 [INFO] PluginManager:220 - loadIPPluginJar : add ucpd
2024-02-10 22:14:46,871 [INFO] IPUIPlugin:80 - create IPUIPlugin
2024-02-10 22:14:46,871 [INFO] PluginManager:220 - loadIPPluginJar : add lorawan
2024-02-10 22:14:46,872 [INFO] IPUIPlugin:80 - create IPUIPlugin
2024-02-10 22:14:46,873 [INFO] PluginManager:220 - loadIPPluginJar : add opamp
2024-02-10 22:14:46,874 [INFO] IPUIPlugin:80 - create IPUIPlugin
2024-02-10 22:14:46,875 [INFO] PluginManager:220 - loadIPPluginJar : add i3c
2024-02-10 22:14:46,877 [INFO] IPUIPlugin:80 - create IPUIPlugin
2024-02-10 22:14:46,877 [INFO] PluginManager:220 - loadIPPluginJar : add touchsensing
2024-02-10 22:14:46,879 [INFO] IPUIPlugin:80 - create IPUIPlugin
2024-02-10 22:14:46,879 [INFO] PluginManager:220 - loadIPPluginJar : add i2c
2024-02-10 22:14:46,881 [INFO] IPUIPlugin:80 - create IPUIPlugin
2024-02-10 22:14:46,881 [INFO] PluginManager:220 - loadIPPluginJar : add resmgrutility
2024-02-10 22:14:46,884 [INFO] IPUIPlugin:80 - create IPUIPlugin
2024-02-10 22:14:46,884 [INFO] PluginManager:220 - loadIPPluginJar : add sai
2024-02-10 22:14:46,886 [INFO] IPUIPlugin:80 - create IPUIPlugin
2024-02-10 22:14:46,886 [INFO] PluginManager:220 - loadIPPluginJar : add usbx
2024-02-10 22:14:47,005 [INFO] CADModel:165 - CPN selected for project level
2024-02-10 22:14:47,006 [INFO] CADModel:114 - Register for checkConnection events
2024-02-10 22:14:47,006 [FATAL] Updater:308 - Updater called before beeing initialized
2024-02-10 22:14:47,007 [ERROR] CADModel:125 - Updater not yet initialized, retry later 
2024-02-10 22:14:47,226 [INFO] CADModel:165 - CPN selected for project level
2024-02-10 22:14:47,227 [INFO] CADModel:114 - Register for checkConnection events
2024-02-10 22:14:47,227 [FATAL] Updater:308 - Updater called before beeing initialized
2024-02-10 22:14:47,227 [ERROR] CADModel:125 - Updater not yet initialized, retry later 
2024-02-10 22:14:47,229 [FATAL] Updater:308 - Updater called before beeing initialized
2024-02-10 22:14:47,378 [FATAL] Updater:308 - Updater called before beeing initialized
2024-02-10 22:14:47,384 [INFO] DbMcusAds:53 - JSON generation date=Wed Nov 29 05:52:27 EST 2023 (1701255147200)
2024-02-10 22:14:47,384 [FATAL] Updater:308 - Updater called before beeing initialized
2024-02-10 22:14:47,426 [WARN] DetailPanel:346 - Failed to get advertising image, set to default
2024-02-10 22:14:47,495 [FATAL] Updater:308 - Updater called before beeing initialized
2024-02-10 22:14:47,498 [FATAL] Updater:308 - Updater called before beeing initialized
2024-02-10 22:14:47,498 [FATAL] Updater:308 - Updater called before beeing initialized
2024-02-10 22:14:47,499 [WARN] DetailPanel:346 - Failed to get advertising image, set to default
2024-02-10 22:14:47,500 [FATAL] Updater:308 - Updater called before beeing initialized
2024-02-10 22:14:47,568 [ERROR] Updater:1120 - MainUpdater not yet initialized. External WinMGr cannot be set.
2024-02-10 22:14:47,620 [INFO] Updater:1056 - Updater Version found : 6.10.0
2024-02-10 22:14:47,635 [INFO] ApplicationProperties:184 - Using Application install path: /Applications/STM32CubeIDE.app/Contents/Eclipse/plugins/com.st.stm32cube.common.mx_6.10.0.202311202037
2024-02-10 22:14:48,703 [INFO] MainUpdater:2873 - connection check result : 10
2024-02-10 22:14:48,706 [INFO] MainUpdater:290 - Updater Check For Update Now.
2024-02-10 22:14:48,706 [INFO] MicroXplorer:498 - Change Database Version : DB.6.0.100
2024-02-10 22:14:48,711 [INFO] McuFinderGlobals:63 - Set McuFinder mode to 2 (CubeIDE integrated)
2024-02-10 22:14:48,712 [INFO] UserAuth:180 - activating auth plugin
2024-02-10 22:14:48,737 [INFO] UserAuth:404 - Internet connection configuration mode: 1
2024-02-10 22:14:48,758 [INFO] JxBrowserEngine:152 - Initiate JxBrowser Engine with user profile folder
2024-02-10 22:14:48,976 [INFO] CheckServerUpdateThread:120 - End of CheckServer Thread
2024-02-10 22:14:49,417 [WARN] PackLoader:240 - Cannot read IP mode file for STMicroelectronics.X-CUBE-SMBUS.2.1.0
2024-02-10 22:14:49,436 [WARN] PackLoader:240 - Cannot read IP mode file for STMicroelectronics.X-CUBE-TOUCHGFX.4.23.0
2024-02-10 22:14:49,477 [WARN] PackLoader:240 - Cannot read IP mode file for STMicroelectronics.X-CUBE-AZRTOS-F7.1.1.0
2024-02-10 22:14:49,510 [WARN] PackLoader:240 - Cannot read IP mode file for STMicroelectronics.FP-SNS-MOTENV1.4.3.2
2024-02-10 22:14:49,532 [WARN] PackLoader:240 - Cannot read IP mode file for STMicroelectronics.FP-SNS-FLIGHT1.5.0.1
2024-02-10 22:14:49,548 [WARN] PackLoader:240 - Cannot read IP mode file for STMicroelectronics.X-CUBE-BLE1.6.2.4
2024-02-10 22:14:49,558 [WARN] PackLoader:240 - Cannot read IP mode file for STMicroelectronics.FP-SNS-FLIGHT1.5.0.2
2024-02-10 22:14:49,585 [WARN] PackLoader:240 - Cannot read IP mode file for STMicroelectronics.X-CUBE-DISPLAY.3.0.0
2024-02-10 22:14:49,608 [WARN] PackLoader:240 - Cannot read IP mode file for STMicroelectronics.X-CUBE-BLE1.7.0.0
2024-02-10 22:14:49,624 [WARN] PackLoader:240 - Cannot read IP mode file for emotas.I-CUBE-CANOPEN.1.3.0
2024-02-10 22:14:49,627 [WARN] PackLoader:240 - Cannot read IP mode file for STMicroelectronics.X-CUBE-TOUCHGFX.4.22.0
2024-02-10 22:14:49,633 [WARN] PackLoader:240 - Cannot read IP mode file for STMicroelectronics.X-CUBE-TOUCHGFX.4.22.1
2024-02-10 22:14:49,648 [WARN] PackLoader:240 - Cannot read IP mode file for STMicroelectronics.FP-SNS-SMARTAG2.1.2.0
2024-02-10 22:14:49,662 [INFO] LogOutputStream:77 - [STDOUT_REDIRECT] 1 : Invalid condition id : UX_CORESTACK_Condition cause : null
2024-02-10 22:14:49,663 [INFO] LogOutputStream:77 - [STDOUT_REDIRECT] 1 : Invalid condition id : UX_CORESTACK_Condition cause : null
2024-02-10 22:14:49,663 [INFO] LogOutputStream:77 - [STDOUT_REDIRECT] 1 : Invalid condition id : UX_CORESTACK_Condition cause : null
2024-02-10 22:14:49,663 [INFO] LogOutputStream:77 - [STDOUT_REDIRECT] 1 : Invalid condition id : UX_CORESTACK_Condition cause : null
2024-02-10 22:14:49,663 [INFO] LogOutputStream:77 - [STDOUT_REDIRECT] 1 : Invalid condition id : UX_CORESTACK_Condition cause : null
2024-02-10 22:14:49,667 [WARN] PackLoader:240 - Cannot read IP mode file for STMicroelectronics.X-CUBE-AZRTOS-WL.2.0.0
2024-02-10 22:14:49,690 [WARN] PackLoader:240 - Cannot read IP mode file for WES.I-CUBE-Cesium.1.3.0
2024-02-10 22:14:49,711 [WARN] PackLoader:240 - Cannot read IP mode file for STMicroelectronics.X-CUBE-BLE2.3.3.0
2024-02-10 22:14:49,731 [WARN] PackLoader:240 - Cannot read IP mode file for STMicroelectronics.X-CUBE-ALGOBUILD.1.3.0
2024-02-10 22:14:49,758 [WARN] PackLoader:240 - Cannot read IP mode file for STMicroelectronics.X-CUBE-AZRTOS-G0.1.1.0
2024-02-10 22:14:49,794 [WARN] PackLoader:240 - Cannot read IP mode file for STMicroelectronics.X-CUBE-NFC4.3.0.0
2024-02-10 22:14:49,834 [WARN] PackLoader:240 - Cannot read IP mode file for STMicroelectronics.X-CUBE-BLEMGR.3.0.0
2024-02-10 22:14:49,852 [WARN] PackLoader:240 - Cannot read IP mode file for STMicroelectronics.FP-ATR-SIGFOX1.3.2.0
2024-02-10 22:14:49,865 [WARN] PackLoader:240 - Cannot read IP mode file for STMicroelectronics.X-CUBE-EEPRMA1.5.1.0
2024-02-10 22:14:49,963 [WARN] PackLoader:240 - Cannot read IP mode file for SEGGER.I-CUBE-embOS.1.3.1
2024-02-10 22:14:50,059 [WARN] PackLoader:240 - Cannot read IP mode file for STMicroelectronics.X-CUBE-GNSS1.6.0.0
2024-02-10 22:14:50,106 [WARN] PackLoader:240 - Cannot read IP mode file for STMicroelectronics.X-CUBE-AZRTOS-F4.1.1.0
2024-02-10 22:14:50,119 [WARN] PackLoader:240 - Cannot read IP mode file for wolfSSL.I-CUBE-wolfSSL.5.6.3
2024-02-10 22:14:50,165 [WARN] PackLoader:240 - Cannot read IP mode file for STMicroelectronics.X-CUBE-AZRTOS-L5.2.0.0
2024-02-10 22:14:50,301 [WARN] PackLoader:240 - Cannot read IP mode file for STMicroelectronics.X-CUBE-MEMS1.9.6.0
2024-02-10 22:14:50,514 [WARN] PackLoader:240 - Cannot read IP mode file for STMicroelectronics.X-CUBE-EEPRMA1.4.2.0
2024-02-10 22:14:50,529 [WARN] PackLoader:240 - Cannot read IP mode file for ITTIA_DB.I-CUBE-ITTIADB.8.8.0
2024-02-10 22:14:50,546 [WARN] PackLoader:240 - Cannot read IP mode file for STMicroelectronics.X-CUBE-BLEMGR.2.0.0
2024-02-10 22:14:50,651 [WARN] ConditionMgr:438 - getConditionDescription Invalid condition id : UX DEVICE CLASS RTOS Condition cause : null
2024-02-10 22:14:50,663 [WARN] ConditionMgr:438 - getConditionDescription Invalid condition id : UX DEVICE CLASS RTOS Condition cause : null
2024-02-10 22:14:50,689 [WARN] PackLoader:240 - Cannot read IP mode file for STMicroelectronics.X-CUBE-AZRTOS-H7.3.1.0
2024-02-10 22:14:50,715 [WARN] ConditionMgr:1039 - genDependencies : Invalid condition id : UX DEVICE CLASS RTOS Condition cause : null
2024-02-10 22:14:50,718 [WARN] ConditionMgr:1039 - genDependencies : Invalid condition id : UX DEVICE CLASS RTOS Condition cause : null
2024-02-10 22:14:50,720 [WARN] ConditionMgr:1039 - genDependencies : Invalid condition id : UX DEVICE CLASS RTOS Condition cause : null
2024-02-10 22:14:50,721 [WARN] ConditionMgr:1039 - genDependencies : Invalid condition id : UX DEVICE CLASS RTOS Condition cause : null
2024-02-10 22:14:50,721 [WARN] ConditionMgr:1039 - genDependencies : Invalid condition id : UX DEVICE CLASS RTOS Condition cause : null
2024-02-10 22:14:50,792 [WARN] PackLoader:240 - Cannot read IP mode file for STMicroelectronics.X-CUBE-NFC7.1.0.1
2024-02-10 22:14:50,829 [WARN] PackLoader:240 - Cannot read IP mode file for STMicroelectronics.X-CUBE-NFC6.3.0.0
2024-02-10 22:14:50,842 [WARN] PackLoader:240 - Cannot read IP mode file for STMicroelectronics.X-CUBE-EEPRMA1.4.1.0
2024-02-10 22:14:50,848 [WARN] PackLoader:240 - Cannot read IP mode file for STMicroelectronics.X-CUBE-AI.8.1.0
2024-02-10 22:14:50,885 [WARN] ConditionMgr:438 - getConditionDescription Invalid condition id : LAN8742 Phy interface Condition cause : null
2024-02-10 22:14:50,887 [WARN] PackLoader:240 - Cannot read IP mode file for STMicroelectronics.X-CUBE-AZRTOS-L4.2.0.0
2024-02-10 22:14:50,889 [WARN] ConditionMgr:1039 - genDependencies : Invalid condition id : LAN8742 Phy interface Condition cause : null
2024-02-10 22:14:50,889 [WARN] ConditionMgr:1039 - genDependencies : Invalid condition id : LAN8742 Phy interface Condition cause : null
2024-02-10 22:14:50,891 [WARN] ConditionMgr:1039 - genDependencies : Invalid condition id : LAN8742 Phy interface Condition cause : null
2024-02-10 22:14:50,916 [WARN] PackLoader:240 - Cannot read IP mode file for STMicroelectronics.X-CUBE-SFXS2LP1.4.0.0
2024-02-10 22:14:50,924 [WARN] PackLoader:240 - Cannot read IP mode file for STMicroelectronics.X-CUBE-ISPU.1.1.0
2024-02-10 22:14:50,939 [WARN] ConditionMgr:438 - getConditionDescription Invalid condition id : UX DEVICE CLASS RTOS Condition cause : null
2024-02-10 22:14:50,940 [WARN] ConditionMgr:438 - getConditionDescription Invalid condition id : UX DEVICE CLASS RTOS Condition cause : null
2024-02-10 22:14:50,944 [WARN] PackLoader:240 - Cannot read IP mode file for STMicroelectronics.X-CUBE-AZRTOS-WB.2.0.0
2024-02-10 22:14:50,945 [WARN] ConditionMgr:1039 - genDependencies : Invalid condition id : UX DEVICE CLASS RTOS Condition cause : null
2024-02-10 22:14:50,945 [WARN] ConditionMgr:1039 - genDependencies : Invalid condition id : UX DEVICE CLASS RTOS Condition cause : null
2024-02-10 22:14:50,945 [WARN] ConditionMgr:1039 - genDependencies : Invalid condition id : UX DEVICE CLASS RTOS Condition cause : null
2024-02-10 22:14:50,946 [WARN] ConditionMgr:1039 - genDependencies : Invalid condition id : UX DEVICE CLASS RTOS Condition cause : null
2024-02-10 22:14:50,946 [WARN] ConditionMgr:1039 - genDependencies : Invalid condition id : UX DEVICE CLASS RTOS Condition cause : null
2024-02-10 22:14:50,971 [WARN] PackLoader:240 - Cannot read IP mode file for STMicroelectronics.X-CUBE-FREERTOS.1.0.1
2024-02-10 22:14:51,001 [WARN] PackLoader:240 - Cannot read IP mode file for STMicroelectronics.X-CUBE-AZRTOS-L5.1.1.0
2024-02-10 22:14:51,015 [WARN] PackLoader:240 - Cannot read IP mode file for STMicroelectronics.X-CUBE-AI.8.0.1
2024-02-10 22:14:51,029 [WARN] PackLoader:240 - Cannot read IP mode file for STMicroelectronics.X-CUBE-SUBG2.5.0.0
2024-02-10 22:14:51,051 [WARN] PackLoader:240 - Cannot read IP mode file for STMicroelectronics.X-CUBE-TOF1.3.3.1
2024-02-10 22:14:51,085 [WARN] PackLoader:240 - Cannot read IP mode file for STMicroelectronics.X-CUBE-AZRTOS-G4.2.0.0
2024-02-10 22:14:51,109 [WARN] PackLoader:240 - Cannot read IP mode file for Infineon.AIROC-Wi-Fi-Bluetooth-STM32.1.5.1
2024-02-10 22:14:51,117 [WARN] PackLoader:240 - Cannot read IP mode file for STMicroelectronics.FP-SNS-MOTENVWB1.1.3.1
2024-02-10 22:14:51,122 [WARN] PackLoader:240 - Cannot read IP mode file for STMicroelectronics.X-CUBE-ISPU.2.0.0
2024-02-10 22:14:51,194 [WARN] PackLoader:240 - Cannot read IP mode file for STMicroelectronics.X-CUBE-MEMS1.10.0.0
2024-02-10 22:14:51,303 [WARN] PackLoader:240 - Cannot read IP mode file for STMicroelectronics.X-CUBE-FREERTOS.1.1.0
2024-02-10 22:14:51,312 [WARN] PackLoader:240 - Cannot read IP mode file for portGmbH.I-Cube-SoM-uGOAL.1.1.0
2024-02-10 22:14:51,318 [WARN] PackLoader:240 - Cannot read IP mode file for STMicroelectronics.X-CUBE-ALS.1.0.1
2024-02-10 22:14:51,336 [WARN] PackLoader:240 - Cannot read IP mode file for STMicroelectronics.X-CUBE-AZRTOS-WB.1.1.0
2024-02-10 22:14:51,345 [WARN] PackLoader:240 - Cannot read IP mode file for STMicroelectronics.FP-ATR-ASTRA1.2.0.0
2024-02-10 22:14:51,356 [WARN] PackLoader:240 - Cannot read IP mode file for STMicroelectronics.X-CUBE-TOF1.3.4.0
2024-02-10 22:14:51,424 [WARN] PackLoader:240 - Cannot read IP mode file for STMicroelectronics.X-CUBE-AZRTOS-H7.3.2.0
2024-02-10 22:14:51,436 [INFO] ThirdParty:978 - Integrity check success = true
2024-02-10 22:14:51,436 [INFO] IntegrityCheckThread:100 - exiting critical section [integrity check]
2024-02-10 22:14:51,436 [INFO] IntegrityCheckThread:103 - End integrity checks thread
2024-02-10 22:14:52,686 [INFO] WebApp:161 - Instantiating new browser for Auth
2024-02-10 22:14:53,657 [INFO] WebApp:780 - Register for checkConnection events
2024-02-10 22:14:53,657 [INFO] WebApp:414 - Apply proxy settings
2024-02-10 22:14:53,674 [INFO] WebApp:459 - Chromium authenticates against Manually configured proxy
2024-02-10 22:14:53,696 [INFO] WebApp:467 - Username used for proxy authentication: 
2024-02-10 22:14:53,834 [INFO] WebApp:192 - Starting web application
2024-02-10 22:14:53,834 [INFO] WebApp:544 - Web application path used /Applications/STM32CubeIDE.app/Contents/Eclipse/plugins/com.st.stm32cube.common.mx_6.10.0.202311202037/db/plugins/mcufinder/reactClient1/index.html
2024-02-10 22:15:15,039 [ERROR] LogOutputStream:75 - [STDERR_REDIRECT] SLF4J: Failed to load class "org.slf4j.impl.StaticLoggerBinder".
2024-02-10 22:15:15,042 [ERROR] LogOutputStream:75 - [STDERR_REDIRECT] SLF4J: Defaulting to no-operation (NOP) logger implementation
2024-02-10 22:15:15,043 [ERROR] LogOutputStream:75 - [STDERR_REDIRECT] SLF4J: See http://www.slf4j.org/codes.html#StaticLoggerBinder for further details.
