2024-02-23 14:08:14,184 [INFO] Activator:176 - 


2024-02-23 14:08:14,196 [INFO] Activator:177 - !SESSION log4j initialized
2024-02-23 14:08:18,494 [ERROR] LogOutputStream:75 - [STDERR_REDIRECT] 
2024-02-23 14:08:20,926 [INFO] LogOutputStream:77 - [STDOUT_REDIRECT] 
2024-02-23 14:08:22,107 [ERROR] LogOutputStream:75 - [STDERR_REDIRECT] java.net.URISyntaxException: Illegal character in path at index 46: file:/Users/jason/Documents/Dartmouth/W24/ENGS 90/git/ENGS89-90-CAN-Decoder/.metadata/.log4j2.xml
2024-02-23 14:08:22,108 [ERROR] LogOutputStream:75 - [STDERR_REDIRECT] 	at java.base/java.net.URI$Parser.fail(URI.java:2976)
2024-02-23 14:08:22,109 [ERROR] LogOutputStream:75 - [STDERR_REDIRECT] 	at java.base/java.net.URI$Parser.checkChars(URI.java:3147)
2024-02-23 14:08:22,109 [ERROR] LogOutputStream:75 - [STDERR_REDIRECT] 	at java.base/java.net.URI$Parser.parseHierarchical(URI.java:3229)
2024-02-23 14:08:22,109 [ERROR] LogOutputStream:75 - [STDERR_REDIRECT] 	at java.base/java.net.URI$Parser.parse(URI.java:3177)
2024-02-23 14:08:22,109 [ERROR] LogOutputStream:75 - [STDERR_REDIRECT] 	at java.base/java.net.URI.<init>(URI.java:623)
2024-02-23 14:08:22,110 [ERROR] LogOutputStream:75 - [STDERR_REDIRECT] 	at java.base/java.net.URL.toURI(URL.java:1056)
2024-02-23 14:08:22,111 [ERROR] LogOutputStream:75 - [STDERR_REDIRECT] 	at com.st.stm32cube.common.mx.core.CubeMxInstance.getInstance(CubeMxInstance.java:81)
2024-02-23 14:08:22,113 [ERROR] LogOutputStream:75 - [STDERR_REDIRECT] 	at com.st.stm32cube.common.mx.userauth.UserAuthAdapter.<init>(UserAuthAdapter.java:25)
2024-02-23 14:08:22,113 [ERROR] LogOutputStream:75 - [STDERR_REDIRECT] 	at com.st.stm32cube.common.mx.userauth.UserAuthProvider.getUserAuthAdapter(UserAuthProvider.java:16)
2024-02-23 14:08:22,114 [ERROR] LogOutputStream:75 - [STDERR_REDIRECT] 	at com.st.stm32cube.common.ecosystemintegration.ui.core.MCUEcoSystemIntegrationUiHelper.getUserAuth(MCUEcoSystemIntegrationUiHelper.java:100)
2024-02-23 14:08:22,114 [ERROR] LogOutputStream:75 - [STDERR_REDIRECT] 	at com.st.stm32cube.ide.mcu.userauth.UserAuthStartup.earlyStartup(UserAuthStartup.java:41)
2024-02-23 14:08:22,114 [ERROR] LogOutputStream:75 - [STDERR_REDIRECT] 	at org.eclipse.ui.internal.EarlyStartupRunnable.runEarlyStartup(EarlyStartupRunnable.java:79)
2024-02-23 14:08:22,116 [ERROR] LogOutputStream:75 - [STDERR_REDIRECT] 	at org.eclipse.ui.internal.EarlyStartupRunnable.run(EarlyStartupRunnable.java:55)
2024-02-23 14:08:22,117 [ERROR] LogOutputStream:75 - [STDERR_REDIRECT] 	at org.eclipse.core.runtime.SafeRunner.run(SafeRunner.java:45)
2024-02-23 14:08:22,117 [ERROR] LogOutputStream:75 - [STDERR_REDIRECT] 	at org.eclipse.ui.internal.Workbench$39.run(Workbench.java:2737)
2024-02-23 14:08:22,117 [ERROR] LogOutputStream:75 - [STDERR_REDIRECT] 	at org.eclipse.core.internal.jobs.Worker.run(Worker.java:63)
2024-02-23 14:08:22,251 [INFO] ApplicationProperties:184 - Using Application install path: /Applications/STM32CubeIDE.app/Contents/Eclipse/plugins/com.st.stm32cube.common.mx_6.10.0.202311202037
2024-02-23 14:08:22,267 [INFO] DbMcusXml:78 - Set database path to: /Applications/STM32CubeIDE.app/Contents/Eclipse/plugins/com.st.stm32cube.common.mx_6.10.0.202311202037//db//mcu/
2024-02-23 14:08:22,267 [INFO] ApiDb:274 - Set plugin database path to: /Applications/STM32CubeIDE.app/Contents/Eclipse/plugins/com.st.stm32cube.common.mx_6.10.0.202311202037//db//plugins/boardmanager/
2024-02-23 14:08:22,268 [WARN] ApiDb:259 - Overriding images path with different value:  => /Applications/STM32CubeIDE.app/Contents/Eclipse/plugins/com.st.stm32cube.common.mx_6.10.0.202311202037//db//plugins/mcufinder/images/
2024-02-23 14:08:22,279 [INFO] ApiDb:250 - Set database path to: /Users/jason/.stmcufinder/plugins/mcufinder//mcu/
2024-02-23 14:08:22,280 [INFO] DbMcusAds:125 - Set database path to: /Users/jason/.stmcufinder/plugins/mcufinder//mcu/
2024-02-23 14:08:22,281 [INFO] CrossReferenceDbSqlite:203 - Set database path to: /Users/jason/.stmcufinder/plugins/mcufinder//mcu/cs/
2024-02-23 14:08:22,418 [INFO] RulesReader:64 - Compatibility file has been processed (297 Rules)
2024-02-23 14:08:22,509 [INFO] DbMcusXml:78 - Set database path to: /Applications/STM32CubeIDE.app/Contents/Eclipse/plugins/com.st.stm32cube.common.mx_6.10.0.202311202037//db//mcu/
2024-02-23 14:08:22,510 [INFO] ApiDb:274 - Set plugin database path to: /Applications/STM32CubeIDE.app/Contents/Eclipse/plugins/com.st.stm32cube.common.mx_6.10.0.202311202037//db//plugins/boardmanager/
2024-02-23 14:08:22,511 [INFO] ApiDb:261 - Set plugin images path to: /Applications/STM32CubeIDE.app/Contents/Eclipse/plugins/com.st.stm32cube.common.mx_6.10.0.202311202037//db//plugins/mcufinder/images/
2024-02-23 14:08:22,512 [WARN] DbFile:41 - Overriding database path with different value: /Users/jason/.stmcufinder/plugins/mcufinder/ => /Users/jason/.stmcufinder/plugins/mcufinder
2024-02-23 14:08:22,512 [INFO] ApiDb:250 - Set database path to: /Users/jason/.stmcufinder/plugins/mcufinder//mcu/
2024-02-23 14:08:22,512 [WARN] DbFile:41 - Overriding database path with different value: /Users/jason/.stmcufinder/plugins/mcufinder/ => /Users/jason/.stmcufinder/plugins/mcufinder
2024-02-23 14:08:22,512 [INFO] DbMcusAds:125 - Set database path to: /Users/jason/.stmcufinder/plugins/mcufinder//mcu/
2024-02-23 14:08:22,512 [WARN] DbFile:41 - Overriding database path with different value: /Users/jason/.stmcufinder/plugins/mcufinder/ => /Users/jason/.stmcufinder/plugins/mcufinder
2024-02-23 14:08:22,512 [WARN] DbFile:41 - Overriding database path with different value: /Users/jason/.stmcufinder/plugins/mcufinder/ => /Users/jason/.stmcufinder/plugins/mcufinder
2024-02-23 14:08:22,512 [INFO] CrossReferenceDbSqlite:203 - Set database path to: /Users/jason/.stmcufinder/plugins/mcufinder//mcu/cs/
2024-02-23 14:08:22,596 [INFO] MainPanel:264 - HeapMemory: 268435456
2024-02-23 14:08:22,693 [INFO] DbMcusXml:78 - Set database path to: /Applications/STM32CubeIDE.app/Contents/Eclipse/plugins/com.st.stm32cube.common.mx_6.10.0.202311202037//db//mcu/
2024-02-23 14:08:22,693 [INFO] ApiDb:274 - Set plugin database path to: /Applications/STM32CubeIDE.app/Contents/Eclipse/plugins/com.st.stm32cube.common.mx_6.10.0.202311202037//db//plugins/boardmanager/
2024-02-23 14:08:22,693 [INFO] ApiDb:261 - Set plugin images path to: /Applications/STM32CubeIDE.app/Contents/Eclipse/plugins/com.st.stm32cube.common.mx_6.10.0.202311202037//db//plugins/mcufinder/images/
2024-02-23 14:08:22,693 [WARN] DbFile:41 - Overriding database path with different value: /Users/jason/.stmcufinder/plugins/mcufinder/ => /Users/jason/.stmcufinder/plugins/mcufinder
2024-02-23 14:08:22,693 [INFO] ApiDb:250 - Set database path to: /Users/jason/.stmcufinder/plugins/mcufinder//mcu/
2024-02-23 14:08:22,693 [WARN] DbFile:41 - Overriding database path with different value: /Users/jason/.stmcufinder/plugins/mcufinder/ => /Users/jason/.stmcufinder/plugins/mcufinder
2024-02-23 14:08:22,693 [INFO] DbMcusAds:125 - Set database path to: /Users/jason/.stmcufinder/plugins/mcufinder//mcu/
2024-02-23 14:08:22,694 [WARN] DbFile:41 - Overriding database path with different value: /Users/jason/.stmcufinder/plugins/mcufinder/ => /Users/jason/.stmcufinder/plugins/mcufinder
2024-02-23 14:08:22,694 [WARN] DbFile:41 - Overriding database path with different value: /Users/jason/.stmcufinder/plugins/mcufinder/ => /Users/jason/.stmcufinder/plugins/mcufinder
2024-02-23 14:08:22,694 [INFO] CrossReferenceDbSqlite:203 - Set database path to: /Users/jason/.stmcufinder/plugins/mcufinder//mcu/cs/
2024-02-23 14:08:22,711 [INFO] ApplicationProperties:184 - Using Application install path: /Applications/STM32CubeIDE.app/Contents/Eclipse/plugins/com.st.stm32cube.common.mx_6.10.0.202311202037
2024-02-23 14:08:22,712 [INFO] PluginManage:196 - Search for loadable plugins [exclusion list=, ]
2024-02-23 14:08:22,714 [INFO] PluginManage:310 - Check plugin analytics
2024-02-23 14:08:22,943 [INFO] AnalyticsPlugin:253 - Accepted Software Licenses: 
2024-02-23 14:08:22,943 [INFO] AnalyticsPlugin:255 - Accepted CMSIS Pack Licenses: 
2024-02-23 14:08:22,944 [INFO] AnalyticsPlugin:257 - Accepted Firmware Licenses: FW.F4.1.27.0,FW.F7.1.17.0
2024-02-23 14:08:22,957 [INFO] PluginManage:359 - Loaded plugin analytics (category:tool,tabindex:-1)
2024-02-23 14:08:22,957 [INFO] PluginManage:310 - Check plugin cadmodel
2024-02-23 14:08:23,577 [ERROR] LogOutputStream:75 - [STDERR_REDIRECT] [Fatal Error] :2:10: DOCTYPE is disallowed when the feature "http://apache.org/xml/features/disallow-doctype-decl" set to true.
2024-02-23 14:08:23,578 [ERROR] LogOutputStream:75 - [STDERR_REDIRECT] 
2024-02-23 14:08:23,785 [INFO] CADModel:105 - Init CAD model plugin
2024-02-23 14:08:23,786 [INFO] PluginManage:359 - Loaded plugin cadmodel (category:power,tabindex:5)
2024-02-23 14:08:23,787 [INFO] PluginManage:310 - Check plugin clock
2024-02-23 14:08:23,802 [INFO] PluginManage:359 - Loaded plugin clock (category:base,tabindex:2)
2024-02-23 14:08:23,803 [INFO] PluginManage:310 - Check plugin ddr
2024-02-23 14:08:23,805 [INFO] PluginManage:359 - Loaded plugin ddr (category:tool,tabindex:6)
2024-02-23 14:08:23,805 [INFO] PluginManage:310 - Check plugin filemanager
2024-02-23 14:08:24,058 [INFO] PluginManage:359 - Loaded plugin filemanager (category:base,tabindex:10)
2024-02-23 14:08:24,060 [INFO] PluginManage:310 - Check plugin ipmanager
2024-02-23 14:08:24,078 [INFO] PluginManage:359 - Loaded plugin ipmanager (category:base,tabindex:5)
2024-02-23 14:08:24,078 [INFO] PluginManage:310 - Check plugin lpbam
2024-02-23 14:08:24,091 [INFO] PluginManage:359 - Loaded plugin lpbam (category:base,tabindex:0)
2024-02-23 14:08:24,092 [INFO] PluginManage:310 - Check plugin memorymap
2024-02-23 14:08:24,102 [INFO] PluginManage:359 - Loaded plugin memorymap (category:base,tabindex:4)
2024-02-23 14:08:24,102 [INFO] PluginManage:310 - Check plugin pinoutandconfiguration
2024-02-23 14:08:24,107 [INFO] PluginManage:359 - Loaded plugin pinoutandconfiguration (category:base,tabindex:1)
2024-02-23 14:08:24,107 [INFO] PluginManage:310 - Check plugin pinoutconfig
2024-02-23 14:08:24,192 [WARN] SupportedApi:132 - Cannot load RTOS API schema: s4s-elt-must-match.1: The content of 'definitions' must match (annotation?, (simpleType | complexType)?, (unique | key | keyref)*)). A problem was found starting at: attribute.
2024-02-23 14:08:24,386 [INFO] PluginManage:359 - Loaded plugin pinoutconfig (category:base,tabindex:0)
2024-02-23 14:08:24,386 [INFO] PluginManage:310 - Check plugin power
2024-02-23 14:08:24,400 [INFO] PluginManage:359 - Loaded plugin power (category:power,tabindex:4)
2024-02-23 14:08:24,400 [INFO] PluginManage:310 - Check plugin projectmanager
2024-02-23 14:08:24,445 [INFO] PluginManage:359 - Loaded plugin projectmanager (category:projectmanager,tabindex:3)
2024-02-23 14:08:24,445 [INFO] PluginManage:310 - Check plugin thirdparty
2024-02-23 14:08:24,598 [INFO] PluginManage:359 - Loaded plugin thirdparty (category:base,tabindex:-1)
2024-02-23 14:08:24,598 [INFO] PluginManage:310 - Check plugin tools
2024-02-23 14:08:24,598 [WARN] IntegrityCheckThread:84 - waiting for thirdparty lock release [integrity check]
2024-02-23 14:08:24,600 [INFO] IntegrityCheckThread:86 - entering critical section [integrity check]
2024-02-23 14:08:24,601 [INFO] ThirdPartyUpdaterWithRetryManager:70 - Updater plugin not ready yet. [1/15]
2024-02-23 14:08:24,602 [INFO] PluginManage:359 - Loaded plugin tools (category:base,tabindex:7)
2024-02-23 14:08:24,602 [INFO] PluginManage:310 - Check plugin tutovideos
2024-02-23 14:08:24,763 [INFO] PluginManage:359 - Loaded plugin tutovideos (category:base,tabindex:-1)
2024-02-23 14:08:24,763 [INFO] PluginManage:310 - Check plugin updater
2024-02-23 14:08:24,778 [INFO] PluginManage:359 - Loaded plugin updater (category:base,tabindex:12)
2024-02-23 14:08:24,778 [INFO] PluginManage:310 - Check plugin userauth
2024-02-23 14:08:24,784 [INFO] UserAuth:114 - Init User Auth plugin
2024-02-23 14:08:24,784 [INFO] PluginManage:359 - Loaded plugin userauth (category:base,tabindex:14)
2024-02-23 14:08:24,785 [INFO] PluginManage:283 - PluginManage : Loaded plugins [17]
2024-02-23 14:08:25,022 [INFO] PinOutPanel:1499 - setPackage(No Configuration,No Configuration)
2024-02-23 14:08:25,084 [INFO] CADModel:165 - CPN selected for project level
2024-02-23 14:08:25,085 [INFO] CADModel:114 - Register for checkConnection events
2024-02-23 14:08:25,095 [INFO] IPUIPlugin:80 - create IPUIPlugin
2024-02-23 14:08:25,095 [INFO] PluginManager:220 - loadIPPluginJar : add mdma
2024-02-23 14:08:25,100 [INFO] IPUIPlugin:80 - create IPUIPlugin
2024-02-23 14:08:25,100 [INFO] PluginManager:220 - loadIPPluginJar : add freertos
2024-02-23 14:08:25,104 [INFO] IPUIPlugin:80 - create IPUIPlugin
2024-02-23 14:08:25,104 [INFO] PluginManager:220 - loadIPPluginJar : add gic
2024-02-23 14:08:25,111 [INFO] IPUIPlugin:80 - create IPUIPlugin
2024-02-23 14:08:25,111 [INFO] PluginManager:220 - loadIPPluginJar : add adc
2024-02-23 14:08:25,114 [INFO] IPUIPlugin:80 - create IPUIPlugin
2024-02-23 14:08:25,114 [INFO] PluginManager:220 - loadIPPluginJar : add gtzc
2024-02-23 14:08:25,115 [INFO] IPUIPlugin:80 - create IPUIPlugin
2024-02-23 14:08:25,115 [INFO] PluginManager:220 - loadIPPluginJar : add quadspi
2024-02-23 14:08:25,117 [INFO] IPUIPlugin:80 - create IPUIPlugin
2024-02-23 14:08:25,117 [INFO] PluginManager:220 - loadIPPluginJar : add aes
2024-02-23 14:08:25,118 [INFO] IPUIPlugin:80 - create IPUIPlugin
2024-02-23 14:08:25,118 [INFO] PluginManager:220 - loadIPPluginJar : add pdm2pcm
2024-02-23 14:08:25,120 [INFO] IPUIPlugin:80 - create IPUIPlugin
2024-02-23 14:08:25,120 [INFO] PluginManager:220 - loadIPPluginJar : add hash
2024-02-23 14:08:25,121 [INFO] IPUIPlugin:80 - create IPUIPlugin
2024-02-23 14:08:25,121 [INFO] PluginManager:220 - loadIPPluginJar : add tim
2024-02-23 14:08:25,122 [INFO] IPUIPlugin:80 - create IPUIPlugin
2024-02-23 14:08:25,122 [INFO] PluginManager:220 - loadIPPluginJar : add tsc
2024-02-23 14:08:25,123 [INFO] IPUIPlugin:80 - create IPUIPlugin
2024-02-23 14:08:25,123 [INFO] PluginManager:220 - loadIPPluginJar : add ts
2024-02-23 14:08:25,125 [INFO] IPUIPlugin:80 - create IPUIPlugin
2024-02-23 14:08:25,125 [INFO] PluginManager:220 - loadIPPluginJar : add can
2024-02-23 14:08:25,126 [INFO] IPUIPlugin:80 - create IPUIPlugin
2024-02-23 14:08:25,126 [INFO] PluginManager:220 - loadIPPluginJar : add dma3
2024-02-23 14:08:25,129 [INFO] IPUIPlugin:80 - create IPUIPlugin
2024-02-23 14:08:25,129 [INFO] PluginManager:220 - loadIPPluginJar : add dfsdm
2024-02-23 14:08:25,130 [INFO] IPUIPlugin:80 - create IPUIPlugin
2024-02-23 14:08:25,131 [INFO] PluginManager:220 - loadIPPluginJar : add spi
2024-02-23 14:08:25,132 [INFO] IPUIPlugin:80 - create IPUIPlugin
2024-02-23 14:08:25,132 [INFO] PluginManager:220 - loadIPPluginJar : add gfxmmu
2024-02-23 14:08:25,132 [INFO] IPUIPlugin:80 - create IPUIPlugin
2024-02-23 14:08:25,133 [INFO] PluginManager:220 - loadIPPluginJar : add genericplugin
2024-02-23 14:08:25,134 [INFO] IPUIPlugin:80 - create IPUIPlugin
2024-02-23 14:08:25,134 [INFO] PluginManager:220 - loadIPPluginJar : add cryp
2024-02-23 14:08:25,136 [INFO] IPUIPlugin:80 - create IPUIPlugin
2024-02-23 14:08:25,136 [INFO] PluginManager:220 - loadIPPluginJar : add gpio
2024-02-23 14:08:25,136 [INFO] IPUIPlugin:80 - create IPUIPlugin
2024-02-23 14:08:25,137 [INFO] PluginManager:220 - loadIPPluginJar : add comp
2024-02-23 14:08:25,138 [INFO] IPUIPlugin:80 - create IPUIPlugin
2024-02-23 14:08:25,139 [INFO] PluginManager:220 - loadIPPluginJar : add tracer_emb
2024-02-23 14:08:25,141 [INFO] IPUIPlugin:80 - create IPUIPlugin
2024-02-23 14:08:25,141 [INFO] PluginManager:220 - loadIPPluginJar : add openamp
2024-02-23 14:08:25,148 [INFO] IPUIPlugin:80 - create IPUIPlugin
2024-02-23 14:08:25,149 [INFO] PluginManager:220 - loadIPPluginJar : add stm32_wpan
2024-02-23 14:08:25,152 [INFO] IPUIPlugin:80 - create IPUIPlugin
2024-02-23 14:08:25,155 [INFO] PluginManager:220 - loadIPPluginJar : add plateformsettings
2024-02-23 14:08:25,157 [INFO] IPUIPlugin:80 - create IPUIPlugin
2024-02-23 14:08:25,157 [INFO] PluginManager:220 - loadIPPluginJar : add ipddr
2024-02-23 14:08:25,158 [INFO] IPUIPlugin:80 - create IPUIPlugin
2024-02-23 14:08:25,158 [INFO] PluginManager:220 - loadIPPluginJar : add usart
2024-02-23 14:08:25,159 [INFO] IPUIPlugin:80 - create IPUIPlugin
2024-02-23 14:08:25,159 [INFO] PluginManager:220 - loadIPPluginJar : add ltdc
2024-02-23 14:08:25,161 [INFO] IPUIPlugin:80 - create IPUIPlugin
2024-02-23 14:08:25,161 [INFO] PluginManager:220 - loadIPPluginJar : add nvic
2024-02-23 14:08:25,161 [INFO] IPUIPlugin:80 - create IPUIPlugin
2024-02-23 14:08:25,161 [INFO] PluginManager:220 - loadIPPluginJar : add fatfs
2024-02-23 14:08:25,166 [INFO] IPUIPlugin:80 - create IPUIPlugin
2024-02-23 14:08:25,167 [INFO] PluginManager:220 - loadIPPluginJar : add linkedlist
2024-02-23 14:08:25,170 [INFO] IPUIPlugin:80 - create IPUIPlugin
2024-02-23 14:08:25,171 [INFO] PluginManager:220 - loadIPPluginJar : add dma
2024-02-23 14:08:25,173 [INFO] IPUIPlugin:80 - create IPUIPlugin
2024-02-23 14:08:25,173 [INFO] PluginManager:220 - loadIPPluginJar : add fmc
2024-02-23 14:08:25,174 [INFO] IPUIPlugin:80 - create IPUIPlugin
2024-02-23 14:08:25,174 [INFO] PluginManager:220 - loadIPPluginJar : add i2s
2024-02-23 14:08:25,175 [INFO] IPUIPlugin:80 - create IPUIPlugin
2024-02-23 14:08:25,175 [INFO] PluginManager:220 - loadIPPluginJar : add ucpd
2024-02-23 14:08:25,176 [INFO] IPUIPlugin:80 - create IPUIPlugin
2024-02-23 14:08:25,176 [INFO] PluginManager:220 - loadIPPluginJar : add lorawan
2024-02-23 14:08:25,178 [INFO] IPUIPlugin:80 - create IPUIPlugin
2024-02-23 14:08:25,178 [INFO] PluginManager:220 - loadIPPluginJar : add opamp
2024-02-23 14:08:25,179 [INFO] IPUIPlugin:80 - create IPUIPlugin
2024-02-23 14:08:25,180 [INFO] PluginManager:220 - loadIPPluginJar : add i3c
2024-02-23 14:08:25,182 [INFO] IPUIPlugin:80 - create IPUIPlugin
2024-02-23 14:08:25,182 [INFO] PluginManager:220 - loadIPPluginJar : add touchsensing
2024-02-23 14:08:25,183 [INFO] IPUIPlugin:80 - create IPUIPlugin
2024-02-23 14:08:25,183 [INFO] PluginManager:220 - loadIPPluginJar : add i2c
2024-02-23 14:08:25,185 [INFO] IPUIPlugin:80 - create IPUIPlugin
2024-02-23 14:08:25,185 [INFO] PluginManager:220 - loadIPPluginJar : add resmgrutility
2024-02-23 14:08:25,188 [INFO] IPUIPlugin:80 - create IPUIPlugin
2024-02-23 14:08:25,188 [INFO] PluginManager:220 - loadIPPluginJar : add sai
2024-02-23 14:08:25,189 [INFO] IPUIPlugin:80 - create IPUIPlugin
2024-02-23 14:08:25,190 [INFO] PluginManager:220 - loadIPPluginJar : add usbx
2024-02-23 14:08:25,308 [INFO] CADModel:165 - CPN selected for project level
2024-02-23 14:08:25,309 [INFO] CADModel:114 - Register for checkConnection events
2024-02-23 14:08:25,310 [FATAL] Updater:308 - Updater called before beeing initialized
2024-02-23 14:08:25,310 [ERROR] CADModel:125 - Updater not yet initialized, retry later 
2024-02-23 14:08:25,627 [INFO] CADModel:165 - CPN selected for project level
2024-02-23 14:08:25,628 [INFO] CADModel:114 - Register for checkConnection events
2024-02-23 14:08:25,628 [FATAL] Updater:308 - Updater called before beeing initialized
2024-02-23 14:08:25,628 [ERROR] CADModel:125 - Updater not yet initialized, retry later 
2024-02-23 14:08:25,631 [FATAL] Updater:308 - Updater called before beeing initialized
2024-02-23 14:08:25,794 [FATAL] Updater:308 - Updater called before beeing initialized
2024-02-23 14:08:25,800 [INFO] DbMcusAds:53 - JSON generation date=Wed Nov 29 05:52:27 EST 2023 (1701255147200)
2024-02-23 14:08:25,801 [FATAL] Updater:308 - Updater called before beeing initialized
2024-02-23 14:08:25,948 [WARN] DetailPanel:346 - Failed to get advertising image, set to default
2024-02-23 14:08:26,036 [FATAL] Updater:308 - Updater called before beeing initialized
2024-02-23 14:08:26,040 [FATAL] Updater:308 - Updater called before beeing initialized
2024-02-23 14:08:26,041 [FATAL] Updater:308 - Updater called before beeing initialized
2024-02-23 14:08:26,041 [WARN] DetailPanel:346 - Failed to get advertising image, set to default
2024-02-23 14:08:26,045 [FATAL] Updater:308 - Updater called before beeing initialized
2024-02-23 14:08:26,126 [ERROR] Updater:1120 - MainUpdater not yet initialized. External WinMGr cannot be set.
2024-02-23 14:08:26,170 [INFO] Updater:1056 - Updater Version found : 6.10.0
2024-02-23 14:08:26,185 [INFO] ApplicationProperties:184 - Using Application install path: /Applications/STM32CubeIDE.app/Contents/Eclipse/plugins/com.st.stm32cube.common.mx_6.10.0.202311202037
2024-02-23 14:08:26,822 [INFO] MainUpdater:2873 - connection check result : 10
2024-02-23 14:08:26,825 [INFO] MainUpdater:290 - Updater Check For Update Now.
2024-02-23 14:08:26,825 [INFO] MicroXplorer:498 - Change Database Version : DB.6.0.100
2024-02-23 14:08:26,832 [INFO] McuFinderGlobals:63 - Set McuFinder mode to 2 (CubeIDE integrated)
2024-02-23 14:08:26,833 [INFO] UserAuth:180 - activating auth plugin
2024-02-23 14:08:26,844 [INFO] UserAuth:404 - Internet connection configuration mode: 1
2024-02-23 14:08:26,862 [INFO] JxBrowserEngine:152 - Initiate JxBrowser Engine with user profile folder
2024-02-23 14:08:27,082 [INFO] CheckServerUpdateThread:120 - End of CheckServer Thread
2024-02-23 14:08:27,746 [WARN] PackLoader:240 - Cannot read IP mode file for STMicroelectronics.X-CUBE-SMBUS.2.1.0
2024-02-23 14:08:27,767 [WARN] PackLoader:240 - Cannot read IP mode file for STMicroelectronics.X-CUBE-TOUCHGFX.4.23.0
2024-02-23 14:08:27,811 [WARN] PackLoader:240 - Cannot read IP mode file for STMicroelectronics.X-CUBE-AZRTOS-F7.1.1.0
2024-02-23 14:08:27,849 [WARN] PackLoader:240 - Cannot read IP mode file for STMicroelectronics.FP-SNS-MOTENV1.4.3.2
2024-02-23 14:08:27,882 [WARN] PackLoader:240 - Cannot read IP mode file for STMicroelectronics.FP-SNS-FLIGHT1.5.0.1
2024-02-23 14:08:27,911 [WARN] PackLoader:240 - Cannot read IP mode file for STMicroelectronics.X-CUBE-BLE1.6.2.4
2024-02-23 14:08:27,921 [WARN] PackLoader:240 - Cannot read IP mode file for STMicroelectronics.FP-SNS-FLIGHT1.5.0.2
2024-02-23 14:08:27,938 [WARN] PackLoader:240 - Cannot read IP mode file for STMicroelectronics.X-CUBE-DISPLAY.3.0.0
2024-02-23 14:08:27,959 [WARN] PackLoader:240 - Cannot read IP mode file for STMicroelectronics.X-CUBE-BLE1.7.0.0
2024-02-23 14:08:27,975 [WARN] PackLoader:240 - Cannot read IP mode file for emotas.I-CUBE-CANOPEN.1.3.0
2024-02-23 14:08:27,983 [WARN] PackLoader:240 - Cannot read IP mode file for STMicroelectronics.X-CUBE-TOUCHGFX.4.22.0
2024-02-23 14:08:27,995 [WARN] PackLoader:240 - Cannot read IP mode file for STMicroelectronics.X-CUBE-TOUCHGFX.4.22.1
2024-02-23 14:08:28,008 [WARN] PackLoader:240 - Cannot read IP mode file for STMicroelectronics.FP-SNS-SMARTAG2.1.2.0
2024-02-23 14:08:28,033 [INFO] LogOutputStream:77 - [STDOUT_REDIRECT] 1 : Invalid condition id : UX_CORESTACK_Condition cause : null
2024-02-23 14:08:28,035 [INFO] LogOutputStream:77 - [STDOUT_REDIRECT] 1 : Invalid condition id : UX_CORESTACK_Condition cause : null
2024-02-23 14:08:28,035 [INFO] LogOutputStream:77 - [STDOUT_REDIRECT] 1 : Invalid condition id : UX_CORESTACK_Condition cause : null
2024-02-23 14:08:28,035 [INFO] LogOutputStream:77 - [STDOUT_REDIRECT] 1 : Invalid condition id : UX_CORESTACK_Condition cause : null
2024-02-23 14:08:28,035 [INFO] LogOutputStream:77 - [STDOUT_REDIRECT] 1 : Invalid condition id : UX_CORESTACK_Condition cause : null
2024-02-23 14:08:28,044 [WARN] PackLoader:240 - Cannot read IP mode file for STMicroelectronics.X-CUBE-AZRTOS-WL.2.0.0
2024-02-23 14:08:28,070 [WARN] PackLoader:240 - Cannot read IP mode file for WES.I-CUBE-Cesium.1.3.0
2024-02-23 14:08:28,081 [WARN] PackLoader:240 - Cannot read IP mode file for STMicroelectronics.X-CUBE-BLE2.3.3.0
2024-02-23 14:08:28,098 [WARN] PackLoader:240 - Cannot read IP mode file for STMicroelectronics.X-CUBE-ALGOBUILD.1.3.0
2024-02-23 14:08:28,130 [WARN] PackLoader:240 - Cannot read IP mode file for STMicroelectronics.X-CUBE-AZRTOS-G0.1.1.0
2024-02-23 14:08:28,164 [WARN] PackLoader:240 - Cannot read IP mode file for STMicroelectronics.X-CUBE-NFC4.3.0.0
2024-02-23 14:08:28,198 [WARN] PackLoader:240 - Cannot read IP mode file for STMicroelectronics.X-CUBE-BLEMGR.3.0.0
2024-02-23 14:08:28,213 [WARN] PackLoader:240 - Cannot read IP mode file for STMicroelectronics.FP-ATR-SIGFOX1.3.2.0
2024-02-23 14:08:28,221 [WARN] PackLoader:240 - Cannot read IP mode file for STMicroelectronics.X-CUBE-EEPRMA1.5.1.0
2024-02-23 14:08:28,319 [WARN] PackLoader:240 - Cannot read IP mode file for SEGGER.I-CUBE-embOS.1.3.1
2024-02-23 14:08:28,464 [WARN] PackLoader:240 - Cannot read IP mode file for STMicroelectronics.X-CUBE-GNSS1.6.0.0
2024-02-23 14:08:28,536 [WARN] PackLoader:240 - Cannot read IP mode file for STMicroelectronics.X-CUBE-AZRTOS-F4.1.1.0
2024-02-23 14:08:28,546 [WARN] PackLoader:240 - Cannot read IP mode file for wolfSSL.I-CUBE-wolfSSL.5.6.3
2024-02-23 14:08:28,570 [WARN] PackLoader:240 - Cannot read IP mode file for STMicroelectronics.X-CUBE-AZRTOS-L5.2.0.0
2024-02-23 14:08:28,665 [WARN] PackLoader:240 - Cannot read IP mode file for STMicroelectronics.X-CUBE-MEMS1.9.6.0
2024-02-23 14:08:28,817 [WARN] PackLoader:240 - Cannot read IP mode file for STMicroelectronics.X-CUBE-EEPRMA1.4.2.0
2024-02-23 14:08:28,824 [WARN] PackLoader:240 - Cannot read IP mode file for ITTIA_DB.I-CUBE-ITTIADB.8.8.0
2024-02-23 14:08:28,843 [WARN] PackLoader:240 - Cannot read IP mode file for STMicroelectronics.X-CUBE-BLEMGR.2.0.0
2024-02-23 14:08:28,884 [WARN] ConditionMgr:438 - getConditionDescription Invalid condition id : UX DEVICE CLASS RTOS Condition cause : null
2024-02-23 14:08:28,884 [WARN] ConditionMgr:438 - getConditionDescription Invalid condition id : UX DEVICE CLASS RTOS Condition cause : null
2024-02-23 14:08:28,898 [WARN] PackLoader:240 - Cannot read IP mode file for STMicroelectronics.X-CUBE-AZRTOS-H7.3.1.0
2024-02-23 14:08:28,904 [WARN] ConditionMgr:1039 - genDependencies : Invalid condition id : UX DEVICE CLASS RTOS Condition cause : null
2024-02-23 14:08:28,904 [WARN] ConditionMgr:1039 - genDependencies : Invalid condition id : UX DEVICE CLASS RTOS Condition cause : null
2024-02-23 14:08:28,906 [WARN] ConditionMgr:1039 - genDependencies : Invalid condition id : UX DEVICE CLASS RTOS Condition cause : null
2024-02-23 14:08:28,907 [WARN] ConditionMgr:1039 - genDependencies : Invalid condition id : UX DEVICE CLASS RTOS Condition cause : null
2024-02-23 14:08:28,907 [WARN] ConditionMgr:1039 - genDependencies : Invalid condition id : UX DEVICE CLASS RTOS Condition cause : null
2024-02-23 14:08:28,930 [WARN] PackLoader:240 - Cannot read IP mode file for STMicroelectronics.X-CUBE-NFC7.1.0.1
2024-02-23 14:08:28,950 [WARN] PackLoader:240 - Cannot read IP mode file for STMicroelectronics.X-CUBE-NFC6.3.0.0
2024-02-23 14:08:28,962 [WARN] PackLoader:240 - Cannot read IP mode file for STMicroelectronics.X-CUBE-EEPRMA1.4.1.0
2024-02-23 14:08:28,967 [WARN] PackLoader:240 - Cannot read IP mode file for STMicroelectronics.X-CUBE-AI.8.1.0
2024-02-23 14:08:28,996 [WARN] ConditionMgr:438 - getConditionDescription Invalid condition id : LAN8742 Phy interface Condition cause : null
2024-02-23 14:08:28,997 [WARN] PackLoader:240 - Cannot read IP mode file for STMicroelectronics.X-CUBE-AZRTOS-L4.2.0.0
2024-02-23 14:08:29,000 [WARN] ConditionMgr:1039 - genDependencies : Invalid condition id : LAN8742 Phy interface Condition cause : null
2024-02-23 14:08:29,000 [WARN] ConditionMgr:1039 - genDependencies : Invalid condition id : LAN8742 Phy interface Condition cause : null
2024-02-23 14:08:29,001 [WARN] ConditionMgr:1039 - genDependencies : Invalid condition id : LAN8742 Phy interface Condition cause : null
2024-02-23 14:08:29,015 [WARN] PackLoader:240 - Cannot read IP mode file for STMicroelectronics.X-CUBE-SFXS2LP1.4.0.0
2024-02-23 14:08:29,021 [WARN] PackLoader:240 - Cannot read IP mode file for STMicroelectronics.X-CUBE-ISPU.1.1.0
2024-02-23 14:08:29,037 [WARN] ConditionMgr:438 - getConditionDescription Invalid condition id : UX DEVICE CLASS RTOS Condition cause : null
2024-02-23 14:08:29,037 [WARN] ConditionMgr:438 - getConditionDescription Invalid condition id : UX DEVICE CLASS RTOS Condition cause : null
2024-02-23 14:08:29,041 [WARN] PackLoader:240 - Cannot read IP mode file for STMicroelectronics.X-CUBE-AZRTOS-WB.2.0.0
2024-02-23 14:08:29,042 [WARN] ConditionMgr:1039 - genDependencies : Invalid condition id : UX DEVICE CLASS RTOS Condition cause : null
2024-02-23 14:08:29,042 [WARN] ConditionMgr:1039 - genDependencies : Invalid condition id : UX DEVICE CLASS RTOS Condition cause : null
2024-02-23 14:08:29,043 [WARN] ConditionMgr:1039 - genDependencies : Invalid condition id : UX DEVICE CLASS RTOS Condition cause : null
2024-02-23 14:08:29,043 [WARN] ConditionMgr:1039 - genDependencies : Invalid condition id : UX DEVICE CLASS RTOS Condition cause : null
2024-02-23 14:08:29,043 [WARN] ConditionMgr:1039 - genDependencies : Invalid condition id : UX DEVICE CLASS RTOS Condition cause : null
2024-02-23 14:08:29,055 [WARN] PackLoader:240 - Cannot read IP mode file for STMicroelectronics.X-CUBE-FREERTOS.1.0.1
2024-02-23 14:08:29,080 [WARN] PackLoader:240 - Cannot read IP mode file for STMicroelectronics.X-CUBE-AZRTOS-L5.1.1.0
2024-02-23 14:08:29,091 [WARN] PackLoader:240 - Cannot read IP mode file for STMicroelectronics.X-CUBE-AI.8.0.1
2024-02-23 14:08:29,110 [WARN] PackLoader:240 - Cannot read IP mode file for STMicroelectronics.X-CUBE-SUBG2.5.0.0
2024-02-23 14:08:29,136 [WARN] PackLoader:240 - Cannot read IP mode file for STMicroelectronics.X-CUBE-TOF1.3.3.1
2024-02-23 14:08:29,163 [WARN] PackLoader:240 - Cannot read IP mode file for STMicroelectronics.X-CUBE-AZRTOS-G4.2.0.0
2024-02-23 14:08:29,185 [WARN] PackLoader:240 - Cannot read IP mode file for Infineon.AIROC-Wi-Fi-Bluetooth-STM32.1.5.1
2024-02-23 14:08:29,193 [WARN] PackLoader:240 - Cannot read IP mode file for STMicroelectronics.FP-SNS-MOTENVWB1.1.3.1
2024-02-23 14:08:29,197 [WARN] PackLoader:240 - Cannot read IP mode file for STMicroelectronics.X-CUBE-ISPU.2.0.0
2024-02-23 14:08:29,250 [WARN] PackLoader:240 - Cannot read IP mode file for STMicroelectronics.X-CUBE-MEMS1.10.0.0
2024-02-23 14:08:29,344 [WARN] PackLoader:240 - Cannot read IP mode file for STMicroelectronics.X-CUBE-FREERTOS.1.1.0
2024-02-23 14:08:29,349 [WARN] PackLoader:240 - Cannot read IP mode file for portGmbH.I-Cube-SoM-uGOAL.1.1.0
2024-02-23 14:08:29,352 [WARN] PackLoader:240 - Cannot read IP mode file for STMicroelectronics.X-CUBE-ALS.1.0.1
2024-02-23 14:08:29,368 [WARN] PackLoader:240 - Cannot read IP mode file for STMicroelectronics.X-CUBE-AZRTOS-WB.1.1.0
2024-02-23 14:08:29,374 [WARN] PackLoader:240 - Cannot read IP mode file for STMicroelectronics.FP-ATR-ASTRA1.2.0.0
2024-02-23 14:08:29,384 [WARN] PackLoader:240 - Cannot read IP mode file for STMicroelectronics.X-CUBE-TOF1.3.4.0
2024-02-23 14:08:29,417 [WARN] PackLoader:240 - Cannot read IP mode file for STMicroelectronics.X-CUBE-AZRTOS-H7.3.2.0
2024-02-23 14:08:29,428 [INFO] ThirdParty:978 - Integrity check success = true
2024-02-23 14:08:29,428 [INFO] IntegrityCheckThread:100 - exiting critical section [integrity check]
2024-02-23 14:08:29,428 [INFO] IntegrityCheckThread:103 - End integrity checks thread
2024-02-23 14:08:31,871 [INFO] WebApp:161 - Instantiating new browser for Auth
2024-02-23 14:08:33,180 [INFO] WebApp:780 - Register for checkConnection events
2024-02-23 14:08:33,182 [INFO] WebApp:414 - Apply proxy settings
2024-02-23 14:08:33,201 [INFO] WebApp:459 - Chromium authenticates against Manually configured proxy
2024-02-23 14:08:33,218 [INFO] WebApp:467 - Username used for proxy authentication: 
2024-02-23 14:08:33,374 [INFO] WebApp:192 - Starting web application
2024-02-23 14:08:33,374 [INFO] WebApp:544 - Web application path used /Applications/STM32CubeIDE.app/Contents/Eclipse/plugins/com.st.stm32cube.common.mx_6.10.0.202311202037/db/plugins/mcufinder/reactClient1/index.html
2024-02-23 14:08:54,798 [ERROR] LogOutputStream:75 - [STDERR_REDIRECT] SLF4J: Failed to load class "org.slf4j.impl.StaticLoggerBinder".
2024-02-23 14:08:54,800 [ERROR] LogOutputStream:75 - [STDERR_REDIRECT] SLF4J: Defaulting to no-operation (NOP) logger implementation
2024-02-23 14:08:54,800 [ERROR] LogOutputStream:75 - [STDERR_REDIRECT] SLF4J: See http://www.slf4j.org/codes.html#StaticLoggerBinder for further details.
