2024-02-22 22:16:13,323 [INFO] Activator:176 - 


2024-02-22 22:16:13,325 [INFO] Activator:177 - !SESSION log4j initialized
2024-02-22 22:16:15,177 [ERROR] LogOutputStream:75 - [STDERR_REDIRECT] 
2024-02-22 22:16:17,711 [INFO] LogOutputStream:77 - [STDOUT_REDIRECT] 
2024-02-22 22:16:18,497 [ERROR] LogOutputStream:75 - [STDERR_REDIRECT] java.net.URISyntaxException: Illegal character in path at index 46: file:/Users/jason/Documents/Dartmouth/W24/ENGS 90/git/ENGS89-90-CAN-Decoder/.metadata/.log4j2.xml
2024-02-22 22:16:18,501 [ERROR] LogOutputStream:75 - [STDERR_REDIRECT] 	at java.base/java.net.URI$Parser.fail(URI.java:2976)
2024-02-22 22:16:18,502 [ERROR] LogOutputStream:75 - [STDERR_REDIRECT] 	at java.base/java.net.URI$Parser.checkChars(URI.java:3147)
2024-02-22 22:16:18,502 [ERROR] LogOutputStream:75 - [STDERR_REDIRECT] 	at java.base/java.net.URI$Parser.parseHierarchical(URI.java:3229)
2024-02-22 22:16:18,504 [ERROR] LogOutputStream:75 - [STDERR_REDIRECT] 	at java.base/java.net.URI$Parser.parse(URI.java:3177)
2024-02-22 22:16:18,514 [ERROR] LogOutputStream:75 - [STDERR_REDIRECT] 	at java.base/java.net.URI.<init>(URI.java:623)
2024-02-22 22:16:18,515 [ERROR] LogOutputStream:75 - [STDERR_REDIRECT] 	at java.base/java.net.URL.toURI(URL.java:1056)
2024-02-22 22:16:18,515 [ERROR] LogOutputStream:75 - [STDERR_REDIRECT] 	at com.st.stm32cube.common.mx.core.CubeMxInstance.getInstance(CubeMxInstance.java:81)
2024-02-22 22:16:18,516 [ERROR] LogOutputStream:75 - [STDERR_REDIRECT] 	at com.st.stm32cube.common.mx.userauth.UserAuthAdapter.<init>(UserAuthAdapter.java:25)
2024-02-22 22:16:18,524 [ERROR] LogOutputStream:75 - [STDERR_REDIRECT] 	at com.st.stm32cube.common.mx.userauth.UserAuthProvider.getUserAuthAdapter(UserAuthProvider.java:16)
2024-02-22 22:16:18,528 [ERROR] LogOutputStream:75 - [STDERR_REDIRECT] 	at com.st.stm32cube.common.ecosystemintegration.ui.core.MCUEcoSystemIntegrationUiHelper.getUserAuth(MCUEcoSystemIntegrationUiHelper.java:100)
2024-02-22 22:16:18,530 [ERROR] LogOutputStream:75 - [STDERR_REDIRECT] 	at com.st.stm32cube.ide.mcu.userauth.UserAuthStartup.earlyStartup(UserAuthStartup.java:41)
2024-02-22 22:16:18,532 [ERROR] LogOutputStream:75 - [STDERR_REDIRECT] 	at org.eclipse.ui.internal.EarlyStartupRunnable.runEarlyStartup(EarlyStartupRunnable.java:79)
2024-02-22 22:16:18,533 [ERROR] LogOutputStream:75 - [STDERR_REDIRECT] 	at org.eclipse.ui.internal.EarlyStartupRunnable.run(EarlyStartupRunnable.java:55)
2024-02-22 22:16:18,534 [ERROR] LogOutputStream:75 - [STDERR_REDIRECT] 	at org.eclipse.core.runtime.SafeRunner.run(SafeRunner.java:45)
2024-02-22 22:16:18,534 [ERROR] LogOutputStream:75 - [STDERR_REDIRECT] 	at org.eclipse.ui.internal.Workbench$39.run(Workbench.java:2737)
2024-02-22 22:16:18,534 [ERROR] LogOutputStream:75 - [STDERR_REDIRECT] 	at org.eclipse.core.internal.jobs.Worker.run(Worker.java:63)
2024-02-22 22:16:20,204 [INFO] ApplicationProperties:184 - Using Application install path: /Applications/STM32CubeIDE.app/Contents/Eclipse/plugins/com.st.stm32cube.common.mx_6.10.0.202311202037
2024-02-22 22:16:20,220 [INFO] DbMcusXml:78 - Set database path to: /Applications/STM32CubeIDE.app/Contents/Eclipse/plugins/com.st.stm32cube.common.mx_6.10.0.202311202037//db//mcu/
2024-02-22 22:16:20,221 [INFO] ApiDb:274 - Set plugin database path to: /Applications/STM32CubeIDE.app/Contents/Eclipse/plugins/com.st.stm32cube.common.mx_6.10.0.202311202037//db//plugins/boardmanager/
2024-02-22 22:16:20,223 [WARN] ApiDb:259 - Overriding images path with different value:  => /Applications/STM32CubeIDE.app/Contents/Eclipse/plugins/com.st.stm32cube.common.mx_6.10.0.202311202037//db//plugins/mcufinder/images/
2024-02-22 22:16:20,276 [INFO] ApiDb:250 - Set database path to: /Users/jason/.stmcufinder/plugins/mcufinder//mcu/
2024-02-22 22:16:20,277 [INFO] DbMcusAds:125 - Set database path to: /Users/jason/.stmcufinder/plugins/mcufinder//mcu/
2024-02-22 22:16:20,282 [INFO] CrossReferenceDbSqlite:203 - Set database path to: /Users/jason/.stmcufinder/plugins/mcufinder//mcu/cs/
2024-02-22 22:16:20,322 [ERROR] LogOutputStream:75 - [STDERR_REDIRECT] [Fatal Error] :2:10: DOCTYPE is disallowed when the feature "http://apache.org/xml/features/disallow-doctype-decl" set to true.
2024-02-22 22:16:20,323 [ERROR] LogOutputStream:75 - [STDERR_REDIRECT] 
2024-02-22 22:16:20,503 [INFO] RulesReader:64 - Compatibility file has been processed (297 Rules)
2024-02-22 22:16:20,564 [INFO] DbMcusXml:78 - Set database path to: /Applications/STM32CubeIDE.app/Contents/Eclipse/plugins/com.st.stm32cube.common.mx_6.10.0.202311202037//db//mcu/
2024-02-22 22:16:20,565 [INFO] ApiDb:274 - Set plugin database path to: /Applications/STM32CubeIDE.app/Contents/Eclipse/plugins/com.st.stm32cube.common.mx_6.10.0.202311202037//db//plugins/boardmanager/
2024-02-22 22:16:20,565 [INFO] ApiDb:261 - Set plugin images path to: /Applications/STM32CubeIDE.app/Contents/Eclipse/plugins/com.st.stm32cube.common.mx_6.10.0.202311202037//db//plugins/mcufinder/images/
2024-02-22 22:16:20,565 [WARN] DbFile:41 - Overriding database path with different value: /Users/jason/.stmcufinder/plugins/mcufinder/ => /Users/jason/.stmcufinder/plugins/mcufinder
2024-02-22 22:16:20,565 [INFO] ApiDb:250 - Set database path to: /Users/jason/.stmcufinder/plugins/mcufinder//mcu/
2024-02-22 22:16:20,565 [WARN] DbFile:41 - Overriding database path with different value: /Users/jason/.stmcufinder/plugins/mcufinder/ => /Users/jason/.stmcufinder/plugins/mcufinder
2024-02-22 22:16:20,565 [INFO] DbMcusAds:125 - Set database path to: /Users/jason/.stmcufinder/plugins/mcufinder//mcu/
2024-02-22 22:16:20,565 [WARN] DbFile:41 - Overriding database path with different value: /Users/jason/.stmcufinder/plugins/mcufinder/ => /Users/jason/.stmcufinder/plugins/mcufinder
2024-02-22 22:16:20,565 [WARN] DbFile:41 - Overriding database path with different value: /Users/jason/.stmcufinder/plugins/mcufinder/ => /Users/jason/.stmcufinder/plugins/mcufinder
2024-02-22 22:16:20,565 [INFO] CrossReferenceDbSqlite:203 - Set database path to: /Users/jason/.stmcufinder/plugins/mcufinder//mcu/cs/
2024-02-22 22:16:20,645 [INFO] MainPanel:264 - HeapMemory: 268435456
2024-02-22 22:16:21,447 [INFO] DbMcusXml:78 - Set database path to: /Applications/STM32CubeIDE.app/Contents/Eclipse/plugins/com.st.stm32cube.common.mx_6.10.0.202311202037//db//mcu/
2024-02-22 22:16:21,449 [INFO] ApiDb:274 - Set plugin database path to: /Applications/STM32CubeIDE.app/Contents/Eclipse/plugins/com.st.stm32cube.common.mx_6.10.0.202311202037//db//plugins/boardmanager/
2024-02-22 22:16:21,452 [INFO] ApiDb:261 - Set plugin images path to: /Applications/STM32CubeIDE.app/Contents/Eclipse/plugins/com.st.stm32cube.common.mx_6.10.0.202311202037//db//plugins/mcufinder/images/
2024-02-22 22:16:21,458 [WARN] DbFile:41 - Overriding database path with different value: /Users/jason/.stmcufinder/plugins/mcufinder/ => /Users/jason/.stmcufinder/plugins/mcufinder
2024-02-22 22:16:21,458 [INFO] ApiDb:250 - Set database path to: /Users/jason/.stmcufinder/plugins/mcufinder//mcu/
2024-02-22 22:16:21,458 [WARN] DbFile:41 - Overriding database path with different value: /Users/jason/.stmcufinder/plugins/mcufinder/ => /Users/jason/.stmcufinder/plugins/mcufinder
2024-02-22 22:16:21,458 [INFO] DbMcusAds:125 - Set database path to: /Users/jason/.stmcufinder/plugins/mcufinder//mcu/
2024-02-22 22:16:21,458 [WARN] DbFile:41 - Overriding database path with different value: /Users/jason/.stmcufinder/plugins/mcufinder/ => /Users/jason/.stmcufinder/plugins/mcufinder
2024-02-22 22:16:21,458 [WARN] DbFile:41 - Overriding database path with different value: /Users/jason/.stmcufinder/plugins/mcufinder/ => /Users/jason/.stmcufinder/plugins/mcufinder
2024-02-22 22:16:21,458 [INFO] CrossReferenceDbSqlite:203 - Set database path to: /Users/jason/.stmcufinder/plugins/mcufinder//mcu/cs/
2024-02-22 22:16:21,502 [INFO] ApplicationProperties:184 - Using Application install path: /Applications/STM32CubeIDE.app/Contents/Eclipse/plugins/com.st.stm32cube.common.mx_6.10.0.202311202037
2024-02-22 22:16:21,503 [INFO] PluginManage:196 - Search for loadable plugins [exclusion list=, ]
2024-02-22 22:16:21,508 [INFO] PluginManage:310 - Check plugin analytics
2024-02-22 22:16:21,740 [INFO] AnalyticsPlugin:253 - Accepted Software Licenses: 
2024-02-22 22:16:21,741 [INFO] AnalyticsPlugin:255 - Accepted CMSIS Pack Licenses: 
2024-02-22 22:16:21,741 [INFO] AnalyticsPlugin:257 - Accepted Firmware Licenses: FW.F4.1.27.0,FW.F7.1.17.0
2024-02-22 22:16:21,757 [INFO] PluginManage:359 - Loaded plugin analytics (category:tool,tabindex:-1)
2024-02-22 22:16:21,759 [INFO] PluginManage:310 - Check plugin cadmodel
2024-02-22 22:16:22,386 [INFO] CADModel:105 - Init CAD model plugin
2024-02-22 22:16:22,386 [INFO] PluginManage:359 - Loaded plugin cadmodel (category:power,tabindex:5)
2024-02-22 22:16:22,386 [INFO] PluginManage:310 - Check plugin clock
2024-02-22 22:16:22,399 [INFO] PluginManage:359 - Loaded plugin clock (category:base,tabindex:2)
2024-02-22 22:16:22,399 [INFO] PluginManage:310 - Check plugin ddr
2024-02-22 22:16:22,400 [INFO] PluginManage:359 - Loaded plugin ddr (category:tool,tabindex:6)
2024-02-22 22:16:22,401 [INFO] PluginManage:310 - Check plugin filemanager
2024-02-22 22:16:22,554 [INFO] PluginManage:359 - Loaded plugin filemanager (category:base,tabindex:10)
2024-02-22 22:16:22,554 [INFO] PluginManage:310 - Check plugin ipmanager
2024-02-22 22:16:22,561 [INFO] PluginManage:359 - Loaded plugin ipmanager (category:base,tabindex:5)
2024-02-22 22:16:22,561 [INFO] PluginManage:310 - Check plugin lpbam
2024-02-22 22:16:22,576 [INFO] PluginManage:359 - Loaded plugin lpbam (category:base,tabindex:0)
2024-02-22 22:16:22,576 [INFO] PluginManage:310 - Check plugin memorymap
2024-02-22 22:16:22,588 [INFO] PluginManage:359 - Loaded plugin memorymap (category:base,tabindex:4)
2024-02-22 22:16:22,588 [INFO] PluginManage:310 - Check plugin pinoutandconfiguration
2024-02-22 22:16:22,593 [INFO] PluginManage:359 - Loaded plugin pinoutandconfiguration (category:base,tabindex:1)
2024-02-22 22:16:22,593 [INFO] PluginManage:310 - Check plugin pinoutconfig
2024-02-22 22:16:22,690 [WARN] SupportedApi:132 - Cannot load RTOS API schema: s4s-elt-must-match.1: The content of 'definitions' must match (annotation?, (simpleType | complexType)?, (unique | key | keyref)*)). A problem was found starting at: attribute.
2024-02-22 22:16:22,984 [INFO] PluginManage:359 - Loaded plugin pinoutconfig (category:base,tabindex:0)
2024-02-22 22:16:22,986 [INFO] PluginManage:310 - Check plugin power
2024-02-22 22:16:23,006 [INFO] PluginManage:359 - Loaded plugin power (category:power,tabindex:4)
2024-02-22 22:16:23,007 [INFO] PluginManage:310 - Check plugin projectmanager
2024-02-22 22:16:23,041 [INFO] PluginManage:359 - Loaded plugin projectmanager (category:projectmanager,tabindex:3)
2024-02-22 22:16:23,041 [INFO] PluginManage:310 - Check plugin thirdparty
2024-02-22 22:16:23,191 [INFO] PluginManage:359 - Loaded plugin thirdparty (category:base,tabindex:-1)
2024-02-22 22:16:23,191 [INFO] PluginManage:310 - Check plugin tools
2024-02-22 22:16:23,191 [WARN] IntegrityCheckThread:84 - waiting for thirdparty lock release [integrity check]
2024-02-22 22:16:23,192 [INFO] IntegrityCheckThread:86 - entering critical section [integrity check]
2024-02-22 22:16:23,195 [INFO] ThirdPartyUpdaterWithRetryManager:70 - Updater plugin not ready yet. [1/15]
2024-02-22 22:16:23,196 [INFO] PluginManage:359 - Loaded plugin tools (category:base,tabindex:7)
2024-02-22 22:16:23,196 [INFO] PluginManage:310 - Check plugin tutovideos
2024-02-22 22:16:23,350 [INFO] PluginManage:359 - Loaded plugin tutovideos (category:base,tabindex:-1)
2024-02-22 22:16:23,351 [INFO] PluginManage:310 - Check plugin updater
2024-02-22 22:16:23,364 [INFO] PluginManage:359 - Loaded plugin updater (category:base,tabindex:12)
2024-02-22 22:16:23,365 [INFO] PluginManage:310 - Check plugin userauth
2024-02-22 22:16:23,370 [INFO] UserAuth:114 - Init User Auth plugin
2024-02-22 22:16:23,370 [INFO] PluginManage:359 - Loaded plugin userauth (category:base,tabindex:14)
2024-02-22 22:16:23,371 [INFO] PluginManage:283 - PluginManage : Loaded plugins [17]
2024-02-22 22:16:23,640 [INFO] PinOutPanel:1499 - setPackage(No Configuration,No Configuration)
2024-02-22 22:16:23,705 [INFO] CADModel:165 - CPN selected for project level
2024-02-22 22:16:23,705 [INFO] CADModel:114 - Register for checkConnection events
2024-02-22 22:16:23,714 [INFO] IPUIPlugin:80 - create IPUIPlugin
2024-02-22 22:16:23,714 [INFO] PluginManager:220 - loadIPPluginJar : add mdma
2024-02-22 22:16:23,720 [INFO] IPUIPlugin:80 - create IPUIPlugin
2024-02-22 22:16:23,720 [INFO] PluginManager:220 - loadIPPluginJar : add freertos
2024-02-22 22:16:23,723 [INFO] IPUIPlugin:80 - create IPUIPlugin
2024-02-22 22:16:23,724 [INFO] PluginManager:220 - loadIPPluginJar : add gic
2024-02-22 22:16:23,729 [INFO] IPUIPlugin:80 - create IPUIPlugin
2024-02-22 22:16:23,730 [INFO] PluginManager:220 - loadIPPluginJar : add adc
2024-02-22 22:16:23,732 [INFO] IPUIPlugin:80 - create IPUIPlugin
2024-02-22 22:16:23,732 [INFO] PluginManager:220 - loadIPPluginJar : add gtzc
2024-02-22 22:16:23,733 [INFO] IPUIPlugin:80 - create IPUIPlugin
2024-02-22 22:16:23,734 [INFO] PluginManager:220 - loadIPPluginJar : add quadspi
2024-02-22 22:16:23,735 [INFO] IPUIPlugin:80 - create IPUIPlugin
2024-02-22 22:16:23,736 [INFO] PluginManager:220 - loadIPPluginJar : add aes
2024-02-22 22:16:23,738 [INFO] IPUIPlugin:80 - create IPUIPlugin
2024-02-22 22:16:23,738 [INFO] PluginManager:220 - loadIPPluginJar : add pdm2pcm
2024-02-22 22:16:23,739 [INFO] IPUIPlugin:80 - create IPUIPlugin
2024-02-22 22:16:23,739 [INFO] PluginManager:220 - loadIPPluginJar : add hash
2024-02-22 22:16:23,740 [INFO] IPUIPlugin:80 - create IPUIPlugin
2024-02-22 22:16:23,740 [INFO] PluginManager:220 - loadIPPluginJar : add tim
2024-02-22 22:16:23,741 [INFO] IPUIPlugin:80 - create IPUIPlugin
2024-02-22 22:16:23,741 [INFO] PluginManager:220 - loadIPPluginJar : add tsc
2024-02-22 22:16:23,742 [INFO] IPUIPlugin:80 - create IPUIPlugin
2024-02-22 22:16:23,742 [INFO] PluginManager:220 - loadIPPluginJar : add ts
2024-02-22 22:16:23,743 [INFO] IPUIPlugin:80 - create IPUIPlugin
2024-02-22 22:16:23,744 [INFO] PluginManager:220 - loadIPPluginJar : add can
2024-02-22 22:16:23,745 [INFO] IPUIPlugin:80 - create IPUIPlugin
2024-02-22 22:16:23,746 [INFO] PluginManager:220 - loadIPPluginJar : add dma3
2024-02-22 22:16:23,747 [INFO] IPUIPlugin:80 - create IPUIPlugin
2024-02-22 22:16:23,748 [INFO] PluginManager:220 - loadIPPluginJar : add dfsdm
2024-02-22 22:16:23,749 [INFO] IPUIPlugin:80 - create IPUIPlugin
2024-02-22 22:16:23,749 [INFO] PluginManager:220 - loadIPPluginJar : add spi
2024-02-22 22:16:23,750 [INFO] IPUIPlugin:80 - create IPUIPlugin
2024-02-22 22:16:23,751 [INFO] PluginManager:220 - loadIPPluginJar : add gfxmmu
2024-02-22 22:16:23,751 [INFO] IPUIPlugin:80 - create IPUIPlugin
2024-02-22 22:16:23,751 [INFO] PluginManager:220 - loadIPPluginJar : add genericplugin
2024-02-22 22:16:23,752 [INFO] IPUIPlugin:80 - create IPUIPlugin
2024-02-22 22:16:23,752 [INFO] PluginManager:220 - loadIPPluginJar : add cryp
2024-02-22 22:16:23,754 [INFO] IPUIPlugin:80 - create IPUIPlugin
2024-02-22 22:16:23,754 [INFO] PluginManager:220 - loadIPPluginJar : add gpio
2024-02-22 22:16:23,755 [INFO] IPUIPlugin:80 - create IPUIPlugin
2024-02-22 22:16:23,755 [INFO] PluginManager:220 - loadIPPluginJar : add comp
2024-02-22 22:16:23,756 [INFO] IPUIPlugin:80 - create IPUIPlugin
2024-02-22 22:16:23,756 [INFO] PluginManager:220 - loadIPPluginJar : add tracer_emb
2024-02-22 22:16:23,759 [INFO] IPUIPlugin:80 - create IPUIPlugin
2024-02-22 22:16:23,759 [INFO] PluginManager:220 - loadIPPluginJar : add openamp
2024-02-22 22:16:23,762 [INFO] IPUIPlugin:80 - create IPUIPlugin
2024-02-22 22:16:23,762 [INFO] PluginManager:220 - loadIPPluginJar : add stm32_wpan
2024-02-22 22:16:23,765 [INFO] IPUIPlugin:80 - create IPUIPlugin
2024-02-22 22:16:23,767 [INFO] PluginManager:220 - loadIPPluginJar : add plateformsettings
2024-02-22 22:16:23,769 [INFO] IPUIPlugin:80 - create IPUIPlugin
2024-02-22 22:16:23,770 [INFO] PluginManager:220 - loadIPPluginJar : add ipddr
2024-02-22 22:16:23,771 [INFO] IPUIPlugin:80 - create IPUIPlugin
2024-02-22 22:16:23,771 [INFO] PluginManager:220 - loadIPPluginJar : add usart
2024-02-22 22:16:23,772 [INFO] IPUIPlugin:80 - create IPUIPlugin
2024-02-22 22:16:23,772 [INFO] PluginManager:220 - loadIPPluginJar : add ltdc
2024-02-22 22:16:23,774 [INFO] IPUIPlugin:80 - create IPUIPlugin
2024-02-22 22:16:23,774 [INFO] PluginManager:220 - loadIPPluginJar : add nvic
2024-02-22 22:16:23,775 [INFO] IPUIPlugin:80 - create IPUIPlugin
2024-02-22 22:16:23,776 [INFO] PluginManager:220 - loadIPPluginJar : add fatfs
2024-02-22 22:16:23,781 [INFO] IPUIPlugin:80 - create IPUIPlugin
2024-02-22 22:16:23,781 [INFO] PluginManager:220 - loadIPPluginJar : add linkedlist
2024-02-22 22:16:23,785 [INFO] IPUIPlugin:80 - create IPUIPlugin
2024-02-22 22:16:23,785 [INFO] PluginManager:220 - loadIPPluginJar : add dma
2024-02-22 22:16:23,787 [INFO] IPUIPlugin:80 - create IPUIPlugin
2024-02-22 22:16:23,787 [INFO] PluginManager:220 - loadIPPluginJar : add fmc
2024-02-22 22:16:23,788 [INFO] IPUIPlugin:80 - create IPUIPlugin
2024-02-22 22:16:23,788 [INFO] PluginManager:220 - loadIPPluginJar : add i2s
2024-02-22 22:16:23,789 [INFO] IPUIPlugin:80 - create IPUIPlugin
2024-02-22 22:16:23,789 [INFO] PluginManager:220 - loadIPPluginJar : add ucpd
2024-02-22 22:16:23,791 [INFO] IPUIPlugin:80 - create IPUIPlugin
2024-02-22 22:16:23,791 [INFO] PluginManager:220 - loadIPPluginJar : add lorawan
2024-02-22 22:16:23,794 [INFO] IPUIPlugin:80 - create IPUIPlugin
2024-02-22 22:16:23,794 [INFO] PluginManager:220 - loadIPPluginJar : add opamp
2024-02-22 22:16:23,795 [INFO] IPUIPlugin:80 - create IPUIPlugin
2024-02-22 22:16:23,796 [INFO] PluginManager:220 - loadIPPluginJar : add i3c
2024-02-22 22:16:23,798 [INFO] IPUIPlugin:80 - create IPUIPlugin
2024-02-22 22:16:23,798 [INFO] PluginManager:220 - loadIPPluginJar : add touchsensing
2024-02-22 22:16:23,800 [INFO] IPUIPlugin:80 - create IPUIPlugin
2024-02-22 22:16:23,800 [INFO] PluginManager:220 - loadIPPluginJar : add i2c
2024-02-22 22:16:23,802 [INFO] IPUIPlugin:80 - create IPUIPlugin
2024-02-22 22:16:23,802 [INFO] PluginManager:220 - loadIPPluginJar : add resmgrutility
2024-02-22 22:16:23,803 [INFO] IPUIPlugin:80 - create IPUIPlugin
2024-02-22 22:16:23,803 [INFO] PluginManager:220 - loadIPPluginJar : add sai
2024-02-22 22:16:23,805 [INFO] IPUIPlugin:80 - create IPUIPlugin
2024-02-22 22:16:23,805 [INFO] PluginManager:220 - loadIPPluginJar : add usbx
2024-02-22 22:16:23,916 [INFO] CADModel:165 - CPN selected for project level
2024-02-22 22:16:23,916 [INFO] CADModel:114 - Register for checkConnection events
2024-02-22 22:16:23,917 [FATAL] Updater:308 - Updater called before beeing initialized
2024-02-22 22:16:23,917 [ERROR] CADModel:125 - Updater not yet initialized, retry later 
2024-02-22 22:16:24,169 [INFO] CADModel:165 - CPN selected for project level
2024-02-22 22:16:24,170 [INFO] CADModel:114 - Register for checkConnection events
2024-02-22 22:16:24,170 [FATAL] Updater:308 - Updater called before beeing initialized
2024-02-22 22:16:24,170 [ERROR] CADModel:125 - Updater not yet initialized, retry later 
2024-02-22 22:16:24,172 [FATAL] Updater:308 - Updater called before beeing initialized
2024-02-22 22:16:24,319 [FATAL] Updater:308 - Updater called before beeing initialized
2024-02-22 22:16:24,324 [INFO] DbMcusAds:53 - JSON generation date=Wed Nov 29 05:52:27 EST 2023 (1701255147200)
2024-02-22 22:16:24,325 [FATAL] Updater:308 - Updater called before beeing initialized
2024-02-22 22:16:24,476 [WARN] DetailPanel:346 - Failed to get advertising image, set to default
2024-02-22 22:16:24,549 [FATAL] Updater:308 - Updater called before beeing initialized
2024-02-22 22:16:24,551 [FATAL] Updater:308 - Updater called before beeing initialized
2024-02-22 22:16:24,552 [FATAL] Updater:308 - Updater called before beeing initialized
2024-02-22 22:16:24,552 [WARN] DetailPanel:346 - Failed to get advertising image, set to default
2024-02-22 22:16:24,554 [FATAL] Updater:308 - Updater called before beeing initialized
2024-02-22 22:16:24,615 [ERROR] Updater:1120 - MainUpdater not yet initialized. External WinMGr cannot be set.
2024-02-22 22:16:24,664 [INFO] Updater:1056 - Updater Version found : 6.10.0
2024-02-22 22:16:24,677 [INFO] ApplicationProperties:184 - Using Application install path: /Applications/STM32CubeIDE.app/Contents/Eclipse/plugins/com.st.stm32cube.common.mx_6.10.0.202311202037
2024-02-22 22:16:25,101 [INFO] MainUpdater:2873 - connection check result : 10
2024-02-22 22:16:25,101 [INFO] MainUpdater:3567 - Updater definition file requires update
2024-02-22 22:16:25,102 [INFO] MainUpdater:290 - Updater Check For Update Now.
2024-02-22 22:16:25,104 [INFO] MicroXplorer:498 - Change Database Version : DB.6.0.100
2024-02-22 22:16:25,109 [INFO] McuFinderGlobals:63 - Set McuFinder mode to 2 (CubeIDE integrated)
2024-02-22 22:16:25,109 [INFO] UserAuth:180 - activating auth plugin
2024-02-22 22:16:25,120 [INFO] UserAuth:404 - Internet connection configuration mode: 1
2024-02-22 22:16:25,136 [INFO] JxBrowserEngine:152 - Initiate JxBrowser Engine with user profile folder
2024-02-22 22:16:25,225 [INFO] ServerAccessManage:473 - Download File updaters.zip
2024-02-22 22:16:25,392 [INFO] FileExtend:240 - Unzip File : updaters.zip
2024-02-22 22:16:25,393 [INFO] FileExtend:255 - Standard Zip Deflate
2024-02-22 22:16:25,620 [INFO] ServerAccessManage:473 - Download File PacksControlFlags.xml
2024-02-22 22:16:25,792 [INFO] ServerAccessManage:473 - Download File cubemx.pidx
2024-02-22 22:16:25,903 [ERROR] JxBrowserEngine:70 - Can't initiate JxBrowser engine com.teamdev.jxbrowser.engine.ChromiumProcessStartupFailureException: Process exit code: 133
2024-02-22 22:16:26,003 [INFO] LoadServerUpdatesThread:375 - End of LoadServerUpdate Thread
2024-02-22 22:16:26,201 [WARN] MainUpdater:1194 - Updater busy. Cannot search thirdparties
2024-02-22 22:16:26,201 [INFO] ThirdPartyUpdaterWithRetryManager:96 - Updater plugin is busy. [1/15]
2024-02-22 22:16:26,219 [INFO] CheckServerUpdateThread:120 - End of CheckServer Thread
2024-02-22 22:16:29,360 [WARN] PackLoader:240 - Cannot read IP mode file for STMicroelectronics.X-CUBE-SMBUS.2.1.0
2024-02-22 22:16:29,383 [WARN] PackLoader:240 - Cannot read IP mode file for STMicroelectronics.X-CUBE-TOUCHGFX.4.23.0
2024-02-22 22:16:29,440 [WARN] PackLoader:240 - Cannot read IP mode file for STMicroelectronics.X-CUBE-AZRTOS-F7.1.1.0
2024-02-22 22:16:29,477 [WARN] PackLoader:240 - Cannot read IP mode file for STMicroelectronics.FP-SNS-MOTENV1.4.3.2
2024-02-22 22:16:29,510 [WARN] PackLoader:240 - Cannot read IP mode file for STMicroelectronics.FP-SNS-FLIGHT1.5.0.1
2024-02-22 22:16:29,531 [WARN] PackLoader:240 - Cannot read IP mode file for STMicroelectronics.X-CUBE-BLE1.6.2.4
2024-02-22 22:16:29,540 [WARN] PackLoader:240 - Cannot read IP mode file for STMicroelectronics.FP-SNS-FLIGHT1.5.0.2
2024-02-22 22:16:29,559 [WARN] PackLoader:240 - Cannot read IP mode file for STMicroelectronics.X-CUBE-DISPLAY.3.0.0
2024-02-22 22:16:29,585 [WARN] PackLoader:240 - Cannot read IP mode file for STMicroelectronics.X-CUBE-BLE1.7.0.0
2024-02-22 22:16:29,599 [WARN] PackLoader:240 - Cannot read IP mode file for emotas.I-CUBE-CANOPEN.1.3.0
2024-02-22 22:16:29,604 [WARN] PackLoader:240 - Cannot read IP mode file for STMicroelectronics.X-CUBE-TOUCHGFX.4.22.0
2024-02-22 22:16:29,610 [WARN] PackLoader:240 - Cannot read IP mode file for STMicroelectronics.X-CUBE-TOUCHGFX.4.22.1
2024-02-22 22:16:29,635 [WARN] PackLoader:240 - Cannot read IP mode file for STMicroelectronics.FP-SNS-SMARTAG2.1.2.0
2024-02-22 22:16:29,655 [INFO] LogOutputStream:77 - [STDOUT_REDIRECT] 1 : Invalid condition id : UX_CORESTACK_Condition cause : null
2024-02-22 22:16:29,658 [INFO] LogOutputStream:77 - [STDOUT_REDIRECT] 1 : Invalid condition id : UX_CORESTACK_Condition cause : null
2024-02-22 22:16:29,659 [INFO] LogOutputStream:77 - [STDOUT_REDIRECT] 1 : Invalid condition id : UX_CORESTACK_Condition cause : null
2024-02-22 22:16:29,659 [INFO] LogOutputStream:77 - [STDOUT_REDIRECT] 1 : Invalid condition id : UX_CORESTACK_Condition cause : null
2024-02-22 22:16:29,659 [INFO] LogOutputStream:77 - [STDOUT_REDIRECT] 1 : Invalid condition id : UX_CORESTACK_Condition cause : null
2024-02-22 22:16:29,671 [WARN] PackLoader:240 - Cannot read IP mode file for STMicroelectronics.X-CUBE-AZRTOS-WL.2.0.0
2024-02-22 22:16:29,700 [WARN] PackLoader:240 - Cannot read IP mode file for WES.I-CUBE-Cesium.1.3.0
2024-02-22 22:16:29,717 [WARN] PackLoader:240 - Cannot read IP mode file for STMicroelectronics.X-CUBE-BLE2.3.3.0
2024-02-22 22:16:29,734 [WARN] PackLoader:240 - Cannot read IP mode file for STMicroelectronics.X-CUBE-ALGOBUILD.1.3.0
2024-02-22 22:16:29,776 [WARN] PackLoader:240 - Cannot read IP mode file for STMicroelectronics.X-CUBE-AZRTOS-G0.1.1.0
2024-02-22 22:16:29,814 [WARN] PackLoader:240 - Cannot read IP mode file for STMicroelectronics.X-CUBE-NFC4.3.0.0
2024-02-22 22:16:29,857 [WARN] PackLoader:240 - Cannot read IP mode file for STMicroelectronics.X-CUBE-BLEMGR.3.0.0
2024-02-22 22:16:29,880 [WARN] PackLoader:240 - Cannot read IP mode file for STMicroelectronics.FP-ATR-SIGFOX1.3.2.0
2024-02-22 22:16:29,894 [WARN] PackLoader:240 - Cannot read IP mode file for STMicroelectronics.X-CUBE-EEPRMA1.5.1.0
2024-02-22 22:16:29,981 [WARN] PackLoader:240 - Cannot read IP mode file for SEGGER.I-CUBE-embOS.1.3.1
2024-02-22 22:16:30,053 [WARN] PackLoader:240 - Cannot read IP mode file for STMicroelectronics.X-CUBE-GNSS1.6.0.0
2024-02-22 22:16:30,090 [WARN] PackLoader:240 - Cannot read IP mode file for STMicroelectronics.X-CUBE-AZRTOS-F4.1.1.0
2024-02-22 22:16:30,102 [WARN] PackLoader:240 - Cannot read IP mode file for wolfSSL.I-CUBE-wolfSSL.5.6.3
2024-02-22 22:16:30,126 [WARN] PackLoader:240 - Cannot read IP mode file for STMicroelectronics.X-CUBE-AZRTOS-L5.2.0.0
2024-02-22 22:16:30,209 [WARN] PackLoader:240 - Cannot read IP mode file for STMicroelectronics.X-CUBE-MEMS1.9.6.0
2024-02-22 22:16:30,348 [WARN] PackLoader:240 - Cannot read IP mode file for STMicroelectronics.X-CUBE-EEPRMA1.4.2.0
2024-02-22 22:16:30,353 [WARN] PackLoader:240 - Cannot read IP mode file for ITTIA_DB.I-CUBE-ITTIADB.8.8.0
2024-02-22 22:16:30,363 [WARN] PackLoader:240 - Cannot read IP mode file for STMicroelectronics.X-CUBE-BLEMGR.2.0.0
2024-02-22 22:16:30,387 [WARN] ConditionMgr:438 - getConditionDescription Invalid condition id : UX DEVICE CLASS RTOS Condition cause : null
2024-02-22 22:16:30,387 [WARN] ConditionMgr:438 - getConditionDescription Invalid condition id : UX DEVICE CLASS RTOS Condition cause : null
2024-02-22 22:16:30,394 [WARN] PackLoader:240 - Cannot read IP mode file for STMicroelectronics.X-CUBE-AZRTOS-H7.3.1.0
2024-02-22 22:16:30,397 [WARN] ConditionMgr:1039 - genDependencies : Invalid condition id : UX DEVICE CLASS RTOS Condition cause : null
2024-02-22 22:16:30,398 [WARN] ConditionMgr:1039 - genDependencies : Invalid condition id : UX DEVICE CLASS RTOS Condition cause : null
2024-02-22 22:16:30,399 [WARN] ConditionMgr:1039 - genDependencies : Invalid condition id : UX DEVICE CLASS RTOS Condition cause : null
2024-02-22 22:16:30,400 [WARN] ConditionMgr:1039 - genDependencies : Invalid condition id : UX DEVICE CLASS RTOS Condition cause : null
2024-02-22 22:16:30,400 [WARN] ConditionMgr:1039 - genDependencies : Invalid condition id : UX DEVICE CLASS RTOS Condition cause : null
2024-02-22 22:16:30,413 [WARN] PackLoader:240 - Cannot read IP mode file for STMicroelectronics.X-CUBE-NFC7.1.0.1
2024-02-22 22:16:30,426 [WARN] PackLoader:240 - Cannot read IP mode file for STMicroelectronics.X-CUBE-NFC6.3.0.0
2024-02-22 22:16:30,444 [WARN] PackLoader:240 - Cannot read IP mode file for STMicroelectronics.X-CUBE-EEPRMA1.4.1.0
2024-02-22 22:16:30,449 [WARN] PackLoader:240 - Cannot read IP mode file for STMicroelectronics.X-CUBE-AI.8.1.0
2024-02-22 22:16:30,473 [WARN] ConditionMgr:438 - getConditionDescription Invalid condition id : LAN8742 Phy interface Condition cause : null
2024-02-22 22:16:30,475 [WARN] PackLoader:240 - Cannot read IP mode file for STMicroelectronics.X-CUBE-AZRTOS-L4.2.0.0
2024-02-22 22:16:30,478 [WARN] ConditionMgr:1039 - genDependencies : Invalid condition id : LAN8742 Phy interface Condition cause : null
2024-02-22 22:16:30,479 [WARN] ConditionMgr:1039 - genDependencies : Invalid condition id : LAN8742 Phy interface Condition cause : null
2024-02-22 22:16:30,480 [WARN] ConditionMgr:1039 - genDependencies : Invalid condition id : LAN8742 Phy interface Condition cause : null
2024-02-22 22:16:30,498 [WARN] PackLoader:240 - Cannot read IP mode file for STMicroelectronics.X-CUBE-SFXS2LP1.4.0.0
2024-02-22 22:16:30,506 [WARN] PackLoader:240 - Cannot read IP mode file for STMicroelectronics.X-CUBE-ISPU.1.1.0
2024-02-22 22:16:30,525 [WARN] ConditionMgr:438 - getConditionDescription Invalid condition id : UX DEVICE CLASS RTOS Condition cause : null
2024-02-22 22:16:30,525 [WARN] ConditionMgr:438 - getConditionDescription Invalid condition id : UX DEVICE CLASS RTOS Condition cause : null
2024-02-22 22:16:30,530 [WARN] PackLoader:240 - Cannot read IP mode file for STMicroelectronics.X-CUBE-AZRTOS-WB.2.0.0
2024-02-22 22:16:30,532 [WARN] ConditionMgr:1039 - genDependencies : Invalid condition id : UX DEVICE CLASS RTOS Condition cause : null
2024-02-22 22:16:30,533 [WARN] ConditionMgr:1039 - genDependencies : Invalid condition id : UX DEVICE CLASS RTOS Condition cause : null
2024-02-22 22:16:30,534 [WARN] ConditionMgr:1039 - genDependencies : Invalid condition id : UX DEVICE CLASS RTOS Condition cause : null
2024-02-22 22:16:30,534 [WARN] ConditionMgr:1039 - genDependencies : Invalid condition id : UX DEVICE CLASS RTOS Condition cause : null
2024-02-22 22:16:30,534 [WARN] ConditionMgr:1039 - genDependencies : Invalid condition id : UX DEVICE CLASS RTOS Condition cause : null
2024-02-22 22:16:30,541 [WARN] PackLoader:240 - Cannot read IP mode file for STMicroelectronics.X-CUBE-FREERTOS.1.0.1
2024-02-22 22:16:30,559 [WARN] PackLoader:240 - Cannot read IP mode file for STMicroelectronics.X-CUBE-AZRTOS-L5.1.1.0
2024-02-22 22:16:30,571 [WARN] PackLoader:240 - Cannot read IP mode file for STMicroelectronics.X-CUBE-AI.8.0.1
2024-02-22 22:16:30,583 [WARN] PackLoader:240 - Cannot read IP mode file for STMicroelectronics.X-CUBE-SUBG2.5.0.0
2024-02-22 22:16:30,605 [WARN] PackLoader:240 - Cannot read IP mode file for STMicroelectronics.X-CUBE-TOF1.3.3.1
2024-02-22 22:16:30,638 [WARN] PackLoader:240 - Cannot read IP mode file for STMicroelectronics.X-CUBE-AZRTOS-G4.2.0.0
2024-02-22 22:16:30,662 [WARN] PackLoader:240 - Cannot read IP mode file for Infineon.AIROC-Wi-Fi-Bluetooth-STM32.1.5.1
2024-02-22 22:16:30,676 [WARN] PackLoader:240 - Cannot read IP mode file for STMicroelectronics.FP-SNS-MOTENVWB1.1.3.1
2024-02-22 22:16:30,682 [WARN] PackLoader:240 - Cannot read IP mode file for STMicroelectronics.X-CUBE-ISPU.2.0.0
2024-02-22 22:16:30,736 [WARN] PackLoader:240 - Cannot read IP mode file for STMicroelectronics.X-CUBE-MEMS1.10.0.0
2024-02-22 22:16:30,858 [WARN] PackLoader:240 - Cannot read IP mode file for STMicroelectronics.X-CUBE-FREERTOS.1.1.0
2024-02-22 22:16:30,869 [WARN] PackLoader:240 - Cannot read IP mode file for portGmbH.I-Cube-SoM-uGOAL.1.1.0
2024-02-22 22:16:30,878 [WARN] PackLoader:240 - Cannot read IP mode file for STMicroelectronics.X-CUBE-ALS.1.0.1
2024-02-22 22:16:30,900 [WARN] PackLoader:240 - Cannot read IP mode file for STMicroelectronics.X-CUBE-AZRTOS-WB.1.1.0
2024-02-22 22:16:30,907 [WARN] PackLoader:240 - Cannot read IP mode file for STMicroelectronics.FP-ATR-ASTRA1.2.0.0
2024-02-22 22:16:30,920 [WARN] PackLoader:240 - Cannot read IP mode file for STMicroelectronics.X-CUBE-TOF1.3.4.0
2024-02-22 22:16:30,957 [WARN] PackLoader:240 - Cannot read IP mode file for STMicroelectronics.X-CUBE-AZRTOS-H7.3.2.0
2024-02-22 22:16:30,963 [INFO] ThirdParty:978 - Integrity check success = true
2024-02-22 22:16:30,963 [INFO] IntegrityCheckThread:100 - exiting critical section [integrity check]
2024-02-22 22:16:30,963 [INFO] IntegrityCheckThread:103 - End integrity checks thread
2024-02-22 22:16:46,849 [ERROR] LogOutputStream:75 - [STDERR_REDIRECT] SLF4J: Failed to load class "org.slf4j.impl.StaticLoggerBinder".
2024-02-22 22:16:46,852 [ERROR] LogOutputStream:75 - [STDERR_REDIRECT] SLF4J: Defaulting to no-operation (NOP) logger implementation
2024-02-22 22:16:46,852 [ERROR] LogOutputStream:75 - [STDERR_REDIRECT] SLF4J: See http://www.slf4j.org/codes.html#StaticLoggerBinder for further details.
